ARM GAS  C:\Users\vedranb\AppData\Local\Temp\ccfx8qKf.s 			page 1


   1              		.syntax unified
   2              		.cpu cortex-m3
   3              		.fpu softvfp
   4              		.eabi_attribute 20, 1
   5              		.eabi_attribute 21, 1
   6              		.eabi_attribute 23, 3
   7              		.eabi_attribute 24, 1
   8              		.eabi_attribute 25, 1
   9              		.eabi_attribute 26, 1
  10              		.eabi_attribute 30, 1
  11              		.eabi_attribute 34, 1
  12              		.eabi_attribute 18, 4
  13              		.thumb
  14              		.file	"main.c"
  15              		.text
  16              	.Ltext0:
  17              		.cfi_sections	.debug_frame
  18              		.section	.text.main,"ax",%progbits
  19              		.align	2
  20              		.global	main
  21              		.thumb
  22              		.thumb_func
  23              		.type	main, %function
  24              	main:
  25              	.LFB63:
  26              		.file 1 "main.c"
   1:main.c        **** /**
   2:main.c        **** * @mainpage ZumoBot Project
   3:main.c        **** * @brief    You can make your own ZumoBot with various sensors.
   4:main.c        **** * @details  <br><br>
   5:main.c        ****     <p>
   6:main.c        ****     <B>General</B><br>
   7:main.c        ****     You will use Pololu Zumo Shields for your robot project with CY8CKIT-059(PSoC 5LP) from Cypress
   8:main.c        ****     library has basic methods of various sensors and communications so that you can make what you w
   9:main.c        ****     <br><br>
  10:main.c        ****     </p>
  11:main.c        ****     
  12:main.c        ****     <p>
  13:main.c        ****     <B>Sensors</B><br>
  14:main.c        ****     &nbsp;Included: <br>
  15:main.c        ****         &nbsp;&nbsp;&nbsp;&nbsp;LSM303D: Accelerometer & Magnetometer<br>
  16:main.c        ****         &nbsp;&nbsp;&nbsp;&nbsp;L3GD20H: Gyroscope<br>
  17:main.c        ****         &nbsp;&nbsp;&nbsp;&nbsp;Reflectance sensor<br>
  18:main.c        ****         &nbsp;&nbsp;&nbsp;&nbsp;Motors
  19:main.c        ****     &nbsp;Wii nunchuck<br>
  20:main.c        ****     &nbsp;TSOP-2236: IR Receiver<br>
  21:main.c        ****     &nbsp;HC-SR04: Ultrasonic sensor<br>
  22:main.c        ****     &nbsp;APDS-9301: Ambient light sensor<br>
  23:main.c        ****     &nbsp;IR LED <br><br><br>
  24:main.c        ****     </p>
  25:main.c        ****     
  26:main.c        ****     <p>
  27:main.c        ****     <B>Communication</B><br>
  28:main.c        ****     I2C, UART, Serial<br>
  29:main.c        ****     </p>
  30:main.c        **** */
  31:main.c        **** 
ARM GAS  C:\Users\vedranb\AppData\Local\Temp\ccfx8qKf.s 			page 2


  32:main.c        **** #include <project.h>
  33:main.c        **** #include <stdio.h>
  34:main.c        **** #include "Motor.h"
  35:main.c        **** #include "Ultra.h"
  36:main.c        **** #include "Nunchuk.h"
  37:main.c        **** #include "Reflectance.h"
  38:main.c        **** #include "I2C_made.h"
  39:main.c        **** #include "Gyro.h"
  40:main.c        **** #include "Accel_magnet.h"
  41:main.c        **** #include "IR.h"
  42:main.c        **** #include "Ambient.h"
  43:main.c        **** #include "Beep.h"
  44:main.c        **** #include "music.h"
  45:main.c        **** 
  46:main.c        **** int rread(void);
  47:main.c        **** 
  48:main.c        **** /**
  49:main.c        ****  * @file    main.c
  50:main.c        ****  * @brief   
  51:main.c        ****  * @details  ** You should enable global interrupt for operating properly. **<br>&nbsp;&nbsp;&nbsp;
  52:main.c        **** */
  53:main.c        **** 
  54:main.c        **** /*/play music
  55:main.c        **** int main(){
  56:main.c        ****     int i;
  57:main.c        ****     
  58:main.c        ****     motor_start();
  59:main.c        ****     
  60:main.c        ****     for(i=1; i<0; i++){
  61:main.c        ****         motor_forward(i*10, 500);
  62:main.c        ****         motor_backward(i*10, 500);
  63:main.c        ****     }
  64:main.c        ****     
  65:main.c        ****     motor_stop();
  66:main.c        ****     return 0;
  67:main.c        **** }//*/
  68:main.c        **** 
  69:main.c        **** /*//battery level//
  70:main.c        **** int main()
  71:main.c        **** {
  72:main.c        ****     CyGlobalIntEnable; 
  73:main.c        ****     UART_1_Start();
  74:main.c        ****     ADC_Battery_Start();        
  75:main.c        ****     int16 adcresult =0;
  76:main.c        ****     float volts = 0.0;
  77:main.c        **** 
  78:main.c        ****     printf("\nBoot\n");
  79:main.c        **** 
  80:main.c        ****     //BatteryLed_Write(1); // Switch led on 
  81:main.c        ****     BatteryLed_Write(0); // Switch led off 
  82:main.c        ****     //uint8 button;
  83:main.c        ****     //button = SW1_Read(); // read SW1 on pSoC board
  84:main.c        **** 
  85:main.c        ****     for(;;)
  86:main.c        ****     {
  87:main.c        ****         
  88:main.c        ****         ADC_Battery_StartConvert();
ARM GAS  C:\Users\vedranb\AppData\Local\Temp\ccfx8qKf.s 			page 3


  89:main.c        ****         if(ADC_Battery_IsEndConversion(ADC_Battery_WAIT_FOR_RESULT)) {   // wait for get ADC conver
  90:main.c        ****             adcresult = ADC_Battery_GetResult16();
  91:main.c        ****             volts = ADC_Battery_CountsTo_Volts(adcresult);                  // convert value to Vol
  92:main.c        ****         
  93:main.c        ****             // If you want to print value
  94:main.c        ****             printf("%d %f\r\n",adcresult, volts * 3 / 2);
  95:main.c        ****         }
  96:main.c        ****         CyDelay(500);
  97:main.c        ****         
  98:main.c        ****     }
  99:main.c        ****  }   
 100:main.c        **** //*/
 101:main.c        **** 
 102:main.c        **** 
 103:main.c        **** /*//ultra sonic sensor//
 104:main.c        **** int main()
 105:main.c        **** {
 106:main.c        ****     CyGlobalIntEnable; 
 107:main.c        ****     UART_1_Start();
 108:main.c        ****     Ultra_Start();                          // Ultra Sonic Start function
 109:main.c        ****     while(1) {
 110:main.c        ****         //If you want to print out the value  
 111:main.c        ****         printf("distance = %5.0f\r\n", Ultra_GetDistance());
 112:main.c        ****         CyDelay(1000);
 113:main.c        ****     }
 114:main.c        **** }   
 115:main.c        **** //*/
 116:main.c        **** 
 117:main.c        **** 
 118:main.c        **** /*//nunchuk//
 119:main.c        **** int main()
 120:main.c        **** {
 121:main.c        ****     CyGlobalIntEnable; 
 122:main.c        ****     UART_1_Start();
 123:main.c        ****   
 124:main.c        ****     nunchuk_start();
 125:main.c        ****     nunchuk_init();
 126:main.c        ****     
 127:main.c        ****     for(;;)
 128:main.c        ****     {    
 129:main.c        ****         nunchuk_read();
 130:main.c        ****     }
 131:main.c        **** }   
 132:main.c        **** //*/
 133:main.c        **** 
 134:main.c        **** 
 135:main.c        **** /*//IR receiver//
 136:main.c        **** int main()
 137:main.c        **** {
 138:main.c        ****     CyGlobalIntEnable; 
 139:main.c        ****     UART_1_Start();
 140:main.c        ****     
 141:main.c        ****     unsigned int IR_val; 
 142:main.c        ****     
 143:main.c        ****     for(;;)
 144:main.c        ****     {
 145:main.c        ****        IR_val = get_IR();
ARM GAS  C:\Users\vedranb\AppData\Local\Temp\ccfx8qKf.s 			page 4


 146:main.c        ****        printf("%x\r\n\n",IR_val);
 147:main.c        ****     }    
 148:main.c        ****  }   
 149:main.c        **** //*/
 150:main.c        **** 
 151:main.c        **** 
 152:main.c        **** /*//Ambient light sensor//
 153:main.c        **** int main()
 154:main.c        **** {
 155:main.c        ****     CyGlobalIntEnable; 
 156:main.c        ****     UART_1_Start();
 157:main.c        ****     
 158:main.c        ****     I2C_Start();
 159:main.c        ****     
 160:main.c        ****     I2C_write(0x29,0x80,0x00);          // set to power down
 161:main.c        ****     I2C_write(0x29,0x80,0x03);          // set to power on
 162:main.c        ****     
 163:main.c        ****     for(;;)
 164:main.c        ****     {    
 165:main.c        ****         uint8 Data0Low,Data0High,Data1Low,Data1High;
 166:main.c        ****         Data0Low = I2C_read(0x29,CH0_L);
 167:main.c        ****         Data0High = I2C_read(0x29,CH0_H);
 168:main.c        ****         Data1Low = I2C_read(0x29,CH1_L);
 169:main.c        ****         Data1High = I2C_read(0x29,CH1_H);
 170:main.c        ****         
 171:main.c        ****         uint8 CH0, CH1;
 172:main.c        ****         CH0 = convert_raw(Data0Low,Data0High);      // combine Data0
 173:main.c        ****         CH1 = convert_raw(Data1Low,Data1High);      // combine Data1
 174:main.c        **** 
 175:main.c        ****         double Ch0 = CH0;
 176:main.c        ****         double Ch1 = CH1;
 177:main.c        ****         
 178:main.c        ****         double data = 0;
 179:main.c        ****         data = getLux(Ch0,Ch1);
 180:main.c        ****         
 181:main.c        ****         // If you want to print out data
 182:main.c        ****         //printf("%lf\r\n",data);    
 183:main.c        ****     }    
 184:main.c        ****  }   
 185:main.c        **** //*/
 186:main.c        **** 
 187:main.c        **** 
 188:main.c        **** /*//accelerometer//
 189:main.c        **** int main()
 190:main.c        **** {
 191:main.c        ****     CyGlobalIntEnable; 
 192:main.c        ****     UART_1_Start();
 193:main.c        ****   
 194:main.c        ****     I2C_Start();
 195:main.c        ****   
 196:main.c        ****     uint8 X_L_A, X_H_A, Y_L_A, Y_H_A, Z_L_A, Z_H_A;
 197:main.c        ****     int16 X_AXIS_A, Y_AXIS_A, Z_AXIS_A;
 198:main.c        ****     
 199:main.c        ****     I2C_write(ACCEL_MAG_ADDR, ACCEL_CTRL1_REG, 0x37);           // set accelerometer & magnetometer
 200:main.c        ****     I2C_write(ACCEL_MAG_ADDR, ACCEL_CTRL7_REG, 0x22);
 201:main.c        ****     
 202:main.c        ****     
ARM GAS  C:\Users\vedranb\AppData\Local\Temp\ccfx8qKf.s 			page 5


 203:main.c        ****     for(;;)
 204:main.c        ****     {
 205:main.c        ****         //print out accelerometer output
 206:main.c        ****         X_L_A = I2C_read(ACCEL_MAG_ADDR, OUT_X_L_A);
 207:main.c        ****         X_H_A = I2C_read(ACCEL_MAG_ADDR, OUT_X_H_A);
 208:main.c        ****         X_AXIS_A = convert_raw(X_L_A, X_H_A);
 209:main.c        ****         
 210:main.c        ****         Y_L_A = I2C_read(ACCEL_MAG_ADDR, OUT_Y_L_A);
 211:main.c        ****         Y_H_A = I2C_read(ACCEL_MAG_ADDR, OUT_Y_H_A);
 212:main.c        ****         Y_AXIS_A = convert_raw(Y_L_A, Y_H_A);
 213:main.c        ****         
 214:main.c        ****         Z_L_A = I2C_read(ACCEL_MAG_ADDR, OUT_Z_L_A);
 215:main.c        ****         Z_H_A = I2C_read(ACCEL_MAG_ADDR, OUT_Z_H_A);
 216:main.c        ****         Z_AXIS_A = convert_raw(Z_L_A, Z_H_A);
 217:main.c        ****         
 218:main.c        ****         printf("ACCEL: %d %d %d %d %d %d \r\n", X_L_A, X_H_A, Y_L_A, Y_H_A, Z_L_A, Z_H_A);
 219:main.c        ****         value_convert_accel(X_AXIS_A, Y_AXIS_A, Z_AXIS_A);
 220:main.c        ****         printf("\n");
 221:main.c        ****         
 222:main.c        ****         CyDelay(50);
 223:main.c        ****     }
 224:main.c        **** }   
 225:main.c        **** //*/
 226:main.c        **** 
 227:main.c        **** 
 228:main.c        **** ///reflectance//
 229:main.c        **** int main()
 230:main.c        **** {
  27              		.loc 1 230 0
  28              		.cfi_startproc
  29              		@ args = 0, pretend = 0, frame = 16
  30              		@ frame_needed = 0, uses_anonymous_args = 0
  31 0000 10B5     		push	{r4, lr}
  32              		.cfi_def_cfa_offset 8
  33              		.cfi_offset 4, -8
  34              		.cfi_offset 14, -4
  35 0002 86B0     		sub	sp, sp, #24
  36              		.cfi_def_cfa_offset 32
 231:main.c        ****     struct sensors_ ref;
 232:main.c        ****     struct sensors_ dig;
 233:main.c        ****     CyGlobalIntEnable; 
  37              		.loc 1 233 0
  38              	@ 233 "main.c" 1
  39 0004 62B6     		CPSIE   i
  40              	@ 0 "" 2
 234:main.c        ****     UART_1_Start();
  41              		.loc 1 234 0
  42              		.thumb
  43 0006 FFF7FEFF 		bl	UART_1_Start
  44              	.LVL0:
 235:main.c        ****   
 236:main.c        ****     sensor_isr_StartEx(sensor_isr_handler);
  45              		.loc 1 236 0
  46 000a 1648     		ldr	r0, .L4
  47 000c FFF7FEFF 		bl	sensor_isr_StartEx
  48              	.LVL1:
 237:main.c        ****     
ARM GAS  C:\Users\vedranb\AppData\Local\Temp\ccfx8qKf.s 			page 6


 238:main.c        ****     reflectance_start();
  49              		.loc 1 238 0
  50 0010 FFF7FEFF 		bl	reflectance_start
  51              	.LVL2:
 239:main.c        **** 
 240:main.c        ****     IR_led_Write(1);
  52              		.loc 1 240 0
  53 0014 0120     		movs	r0, #1
  54 0016 FFF7FEFF 		bl	IR_led_Write
  55              	.LVL3:
  56              	.L2:
 241:main.c        ****     for(;;)
 242:main.c        ****     {
 243:main.c        ****         reflectance_read(&ref);
  57              		.loc 1 243 0 discriminator 1
  58 001a 04A8     		add	r0, sp, #16
  59 001c FFF7FEFF 		bl	reflectance_read
  60              	.LVL4:
 244:main.c        ****         printf("%d %d %d %d \r\n", ref.l3, ref.l1, ref.r1, ref.r3);       //print out each period o
  61              		.loc 1 244 0 discriminator 1
  62 0020 BDF81010 		ldrh	r1, [sp, #16]
  63 0024 BDF81220 		ldrh	r2, [sp, #18]
  64 0028 BDF81430 		ldrh	r3, [sp, #20]
  65 002c BDF81600 		ldrh	r0, [sp, #22]
  66 0030 0D4C     		ldr	r4, .L4+4
  67 0032 0090     		str	r0, [sp]
  68 0034 2046     		mov	r0, r4
  69 0036 FFF7FEFF 		bl	printf
  70              	.LVL5:
 245:main.c        ****         reflectance_digital(&dig);      //print out 0 or 1 according to results of reflectance peri
  71              		.loc 1 245 0 discriminator 1
  72 003a 02A8     		add	r0, sp, #8
  73 003c FFF7FEFF 		bl	reflectance_digital
  74              	.LVL6:
 246:main.c        ****         printf("%d %d %d %d \r\n", dig.l3, dig.l1, dig.r1, dig.r3);        //print out 0 or 1 accor
  75              		.loc 1 246 0 discriminator 1
  76 0040 BDF80810 		ldrh	r1, [sp, #8]
  77 0044 BDF80A20 		ldrh	r2, [sp, #10]
  78 0048 BDF80C30 		ldrh	r3, [sp, #12]
  79 004c BDF80E00 		ldrh	r0, [sp, #14]
  80 0050 0090     		str	r0, [sp]
  81 0052 2046     		mov	r0, r4
  82 0054 FFF7FEFF 		bl	printf
  83              	.LVL7:
 247:main.c        ****         
 248:main.c        ****         CyDelay(500);
  84              		.loc 1 248 0 discriminator 1
  85 0058 4FF4FA70 		mov	r0, #500
  86 005c FFF7FEFF 		bl	CyDelay
  87              	.LVL8:
 249:main.c        ****     }
  88              		.loc 1 249 0 discriminator 1
  89 0060 DBE7     		b	.L2
  90              	.L5:
  91 0062 00BF     		.align	2
  92              	.L4:
  93 0064 00000000 		.word	sensor_isr_handler
ARM GAS  C:\Users\vedranb\AppData\Local\Temp\ccfx8qKf.s 			page 7


  94 0068 00000000 		.word	.LC0
  95              		.cfi_endproc
  96              	.LFE63:
  97              		.size	main, .-main
  98              		.section	.text._write,"ax",%progbits
  99              		.align	2
 100              		.global	_write
 101              		.thumb
 102              		.thumb_func
 103              		.type	_write, %function
 104              	_write:
 105              	.LFB64:
 250:main.c        **** }   
 251:main.c        **** //*/
 252:main.c        **** 
 253:main.c        **** /*  //motor//
 254:main.c        **** int main()
 255:main.c        **** {
 256:main.c        ****     CyGlobalIntEnable; 
 257:main.c        ****     UART_1_Start();
 258:main.c        **** 
 259:main.c        ****     motor_start();              // motor start
 260:main.c        **** 
 261:main.c        ****     motor_forward(100,2000);     // moving forward
 262:main.c        ****     motor_turn(200,50,2000);     // turn
 263:main.c        ****     motor_turn(50,200,2000);     // turn
 264:main.c        ****     motor_backward(100,2000);    // movinb backward
 265:main.c        ****        
 266:main.c        ****     motor_stop();               // motor stop
 267:main.c        ****     
 268:main.c        ****     for(;;)
 269:main.c        ****     {
 270:main.c        **** 
 271:main.c        ****     }
 272:main.c        **** }
 273:main.c        **** //*/
 274:main.c        ****     
 275:main.c        **** 
 276:main.c        **** /*//gyroscope//
 277:main.c        **** int main()
 278:main.c        **** {
 279:main.c        ****     CyGlobalIntEnable; 
 280:main.c        ****     UART_1_Start();
 281:main.c        ****   
 282:main.c        ****     I2C_Start();
 283:main.c        ****   
 284:main.c        ****     uint8 X_L_G, X_H_G, Y_L_G, Y_H_G, Z_L_G, Z_H_G;
 285:main.c        ****     int16 X_AXIS_G, Y_AXIS_G, Z_AXIS_G;
 286:main.c        ****     
 287:main.c        ****     I2C_write(GYRO_ADDR, GYRO_CTRL1_REG, 0x0F);             // set gyroscope into active mode
 288:main.c        ****     I2C_write(GYRO_ADDR, GYRO_CTRL4_REG, 0x30);             // set full scale selection to 2000dps 
 289:main.c        ****     
 290:main.c        ****     for(;;)
 291:main.c        ****     {
 292:main.c        ****         //print out gyroscope output
 293:main.c        ****         X_L_G = I2C_read(GYRO_ADDR, OUT_X_AXIS_L);
 294:main.c        ****         X_H_G = I2C_read(GYRO_ADDR, OUT_X_AXIS_H);
ARM GAS  C:\Users\vedranb\AppData\Local\Temp\ccfx8qKf.s 			page 8


 295:main.c        ****         X_AXIS_G = convert_raw(X_H_G, X_L_G);
 296:main.c        ****         
 297:main.c        ****         
 298:main.c        ****         Y_L_G = I2C_read(GYRO_ADDR, OUT_Y_AXIS_L);
 299:main.c        ****         Y_H_G = I2C_read(GYRO_ADDR, OUT_Y_AXIS_H);
 300:main.c        ****         Y_AXIS_G = convert_raw(Y_H_G, Y_L_G);
 301:main.c        ****         
 302:main.c        ****         
 303:main.c        ****         Z_L_G = I2C_read(GYRO_ADDR, OUT_Z_AXIS_L);
 304:main.c        ****         Z_H_G = I2C_read(GYRO_ADDR, OUT_Z_AXIS_H);
 305:main.c        ****         Z_AXIS_G = convert_raw(Z_H_G, Z_L_G);
 306:main.c        ****      
 307:main.c        ****         // If you want to print value
 308:main.c        ****         printf("%d %d %d \r\n", X_AXIS_G, Y_AXIS_G, Z_AXIS_G);
 309:main.c        ****         CyDelay(50);
 310:main.c        ****     }
 311:main.c        **** }   
 312:main.c        **** //*/
 313:main.c        **** 
 314:main.c        **** 
 315:main.c        **** /*//magnetometer//
 316:main.c        **** int main()
 317:main.c        **** {
 318:main.c        ****     CyGlobalIntEnable; 
 319:main.c        ****     UART_1_Start();
 320:main.c        ****   
 321:main.c        ****     I2C_Start();
 322:main.c        ****    
 323:main.c        ****     uint8 X_L_M, X_H_M, Y_L_M, Y_H_M, Z_L_M, Z_H_M;
 324:main.c        ****     int16 X_AXIS, Y_AXIS, Z_AXIS;
 325:main.c        ****     
 326:main.c        ****     I2C_write(GYRO_ADDR, GYRO_CTRL1_REG, 0x0F);             // set gyroscope into active mode
 327:main.c        ****     I2C_write(GYRO_ADDR, GYRO_CTRL4_REG, 0x30);             // set full scale selection to 2000dps
 328:main.c        ****     I2C_write(ACCEL_MAG_ADDR, ACCEL_CTRL1_REG, 0x37);           // set accelerometer & magnetometer
 329:main.c        ****     I2C_write(ACCEL_MAG_ADDR, ACCEL_CTRL7_REG, 0x22);
 330:main.c        ****     
 331:main.c        ****     
 332:main.c        ****     for(;;)
 333:main.c        ****     {
 334:main.c        ****         X_L_M = I2C_read(ACCEL_MAG_ADDR, OUT_X_L_M);
 335:main.c        ****         X_H_M = I2C_read(ACCEL_MAG_ADDR, OUT_X_H_M);
 336:main.c        ****         X_AXIS = convert_raw(X_L_M, X_H_M);
 337:main.c        ****         
 338:main.c        ****         Y_L_M = I2C_read(ACCEL_MAG_ADDR, OUT_Y_L_M);
 339:main.c        ****         Y_H_M = I2C_read(ACCEL_MAG_ADDR, OUT_Y_H_M);
 340:main.c        ****         Y_AXIS = convert_raw(Y_L_M, Y_H_M);
 341:main.c        ****         
 342:main.c        ****         Z_L_M = I2C_read(ACCEL_MAG_ADDR, OUT_Z_L_M);
 343:main.c        ****         Z_H_M = I2C_read(ACCEL_MAG_ADDR, OUT_Z_H_M);
 344:main.c        ****         Z_AXIS = convert_raw(Z_L_M, Z_H_M);
 345:main.c        ****         
 346:main.c        ****         heading(X_AXIS, Y_AXIS);
 347:main.c        ****         printf("MAGNET: %d %d %d %d %d %d \r\n", X_L_M, X_H_M, Y_L_M, Y_H_M, Z_L_M, Z_H_M);
 348:main.c        ****         printf("%d %d %d \r\n", X_AXIS,Y_AXIS, Z_AXIS);
 349:main.c        ****         CyDelay(50);      
 350:main.c        ****     }
 351:main.c        **** }   
ARM GAS  C:\Users\vedranb\AppData\Local\Temp\ccfx8qKf.s 			page 9


 352:main.c        **** //*/
 353:main.c        **** 
 354:main.c        **** 
 355:main.c        **** #if 0
 356:main.c        **** int rread(void)
 357:main.c        **** {
 358:main.c        ****     SC0_SetDriveMode(PIN_DM_STRONG);
 359:main.c        ****     SC0_Write(1);
 360:main.c        ****     CyDelayUs(10);
 361:main.c        ****     SC0_SetDriveMode(PIN_DM_DIG_HIZ);
 362:main.c        ****     Timer_1_Start();
 363:main.c        ****     uint16_t start = Timer_1_ReadCounter();
 364:main.c        ****     uint16_t end = 0;
 365:main.c        ****     while(!(Timer_1_ReadStatusRegister() & Timer_1_STATUS_TC)) {
 366:main.c        ****         if(SC0_Read() == 0 && end == 0) {
 367:main.c        ****             end = Timer_1_ReadCounter();
 368:main.c        ****         }
 369:main.c        ****     }
 370:main.c        ****     Timer_1_Stop();
 371:main.c        ****     
 372:main.c        ****     return (start - end);
 373:main.c        **** }
 374:main.c        **** #endif
 375:main.c        **** 
 376:main.c        **** /* Don't remove the functions below */
 377:main.c        **** int _write(int file, char *ptr, int len)
 378:main.c        **** {
 106              		.loc 1 378 0
 107              		.cfi_startproc
 108              		@ args = 0, pretend = 0, frame = 0
 109              		@ frame_needed = 0, uses_anonymous_args = 0
 110              	.LVL9:
 111 0000 F8B5     		push	{r3, r4, r5, r6, r7, lr}
 112              		.cfi_def_cfa_offset 24
 113              		.cfi_offset 3, -24
 114              		.cfi_offset 4, -20
 115              		.cfi_offset 5, -16
 116              		.cfi_offset 6, -12
 117              		.cfi_offset 7, -8
 118              		.cfi_offset 14, -4
 119 0002 0C46     		mov	r4, r1
 120 0004 1746     		mov	r7, r2
 121              	.LVL10:
 379:main.c        ****     (void)file; /* Parameter is not used, suppress unused argument warning */
 380:main.c        **** 	int n;
 381:main.c        **** 	for(n = 0; n < len; n++) {
 122              		.loc 1 381 0
 123 0006 0025     		movs	r5, #0
 124 0008 0BE0     		b	.L7
 125              	.LVL11:
 126              	.L9:
 382:main.c        ****         if(*ptr == '\n') UART_1_PutChar('\r');
 127              		.loc 1 382 0
 128 000a 2378     		ldrb	r3, [r4]	@ zero_extendqisi2
 129 000c 0A2B     		cmp	r3, #10
 130 000e 02D1     		bne	.L8
 131              		.loc 1 382 0 is_stmt 0 discriminator 1
ARM GAS  C:\Users\vedranb\AppData\Local\Temp\ccfx8qKf.s 			page 10


 132 0010 0D20     		movs	r0, #13
 133 0012 FFF7FEFF 		bl	UART_1_PutChar
 134              	.LVL12:
 135              	.L8:
 383:main.c        **** 		UART_1_PutChar(*ptr++);
 136              		.loc 1 383 0 is_stmt 1 discriminator 2
 137 0016 661C     		adds	r6, r4, #1
 138              	.LVL13:
 139 0018 2078     		ldrb	r0, [r4]	@ zero_extendqisi2
 140 001a FFF7FEFF 		bl	UART_1_PutChar
 141              	.LVL14:
 381:main.c        ****         if(*ptr == '\n') UART_1_PutChar('\r');
 142              		.loc 1 381 0 discriminator 2
 143 001e 0135     		adds	r5, r5, #1
 144              	.LVL15:
 145              		.loc 1 383 0 discriminator 2
 146 0020 3446     		mov	r4, r6
 147              	.LVL16:
 148              	.L7:
 381:main.c        ****         if(*ptr == '\n') UART_1_PutChar('\r');
 149              		.loc 1 381 0 discriminator 1
 150 0022 BD42     		cmp	r5, r7
 151 0024 F1DB     		blt	.L9
 384:main.c        **** 	}
 385:main.c        **** 	return len;
 386:main.c        **** }
 152              		.loc 1 386 0
 153 0026 3846     		mov	r0, r7
 154 0028 F8BD     		pop	{r3, r4, r5, r6, r7, pc}
 155              		.cfi_endproc
 156              	.LFE64:
 157              		.size	_write, .-_write
 158 002a 00BF     		.section	.text._read,"ax",%progbits
 159              		.align	2
 160              		.global	_read
 161              		.thumb
 162              		.thumb_func
 163              		.type	_read, %function
 164              	_read:
 165              	.LFB65:
 387:main.c        **** 
 388:main.c        **** int _read (int file, char *ptr, int count)
 389:main.c        **** {
 166              		.loc 1 389 0
 167              		.cfi_startproc
 168              		@ args = 0, pretend = 0, frame = 0
 169              		@ frame_needed = 0, uses_anonymous_args = 0
 170              	.LVL17:
 171 0000 F8B5     		push	{r3, r4, r5, r6, r7, lr}
 172              		.cfi_def_cfa_offset 24
 173              		.cfi_offset 3, -24
 174              		.cfi_offset 4, -20
 175              		.cfi_offset 5, -16
 176              		.cfi_offset 6, -12
 177              		.cfi_offset 7, -8
 178              		.cfi_offset 14, -4
 179 0002 0F46     		mov	r7, r1
ARM GAS  C:\Users\vedranb\AppData\Local\Temp\ccfx8qKf.s 			page 11


 180 0004 1446     		mov	r4, r2
 181              	.LVL18:
 390:main.c        ****     int chs = 0;
 182              		.loc 1 390 0
 183 0006 0026     		movs	r6, #0
 391:main.c        ****     char ch;
 392:main.c        ****  
 393:main.c        ****     (void)file; /* Parameter is not used, suppress unused argument warning */
 394:main.c        ****     while(count > 0) {
 184              		.loc 1 394 0
 185 0008 12E0     		b	.L13
 186              	.LVL19:
 187              	.L16:
 395:main.c        ****         ch = UART_1_GetChar();
 188              		.loc 1 395 0
 189 000a FFF7FEFF 		bl	UART_1_GetChar
 190              	.LVL20:
 396:main.c        ****         if(ch != 0) {
 191              		.loc 1 396 0
 192 000e 0546     		mov	r5, r0
 193 0010 70B1     		cbz	r0, .L13
 397:main.c        ****             UART_1_PutChar(ch);
 194              		.loc 1 397 0
 195 0012 FFF7FEFF 		bl	UART_1_PutChar
 196              	.LVL21:
 398:main.c        ****             chs++;
 197              		.loc 1 398 0
 198 0016 0136     		adds	r6, r6, #1
 199              	.LVL22:
 399:main.c        ****             if(ch == '\r') {
 200              		.loc 1 399 0
 201 0018 0D2D     		cmp	r5, #13
 202 001a 03D1     		bne	.L14
 203              	.LVL23:
 400:main.c        ****                 ch = '\n';
 401:main.c        ****                 UART_1_PutChar(ch);
 204              		.loc 1 401 0
 205 001c 0A20     		movs	r0, #10
 206 001e FFF7FEFF 		bl	UART_1_PutChar
 207              	.LVL24:
 400:main.c        ****                 ch = '\n';
 208              		.loc 1 400 0
 209 0022 0A25     		movs	r5, #10
 210              	.LVL25:
 211              	.L14:
 402:main.c        ****             }
 403:main.c        ****             *ptr++ = ch;
 212              		.loc 1 403 0
 213 0024 7B1C     		adds	r3, r7, #1
 214              	.LVL26:
 215 0026 3D70     		strb	r5, [r7]
 404:main.c        ****             count--;
 216              		.loc 1 404 0
 217 0028 013C     		subs	r4, r4, #1
 218              	.LVL27:
 405:main.c        ****             if(ch == '\n') break;
 219              		.loc 1 405 0
ARM GAS  C:\Users\vedranb\AppData\Local\Temp\ccfx8qKf.s 			page 12


 220 002a 0A2D     		cmp	r5, #10
 221 002c 02D0     		beq	.L15
 403:main.c        ****             count--;
 222              		.loc 1 403 0
 223 002e 1F46     		mov	r7, r3
 224              	.LVL28:
 225              	.L13:
 394:main.c        ****         ch = UART_1_GetChar();
 226              		.loc 1 394 0
 227 0030 002C     		cmp	r4, #0
 228 0032 EADC     		bgt	.L16
 229              	.LVL29:
 230              	.L15:
 406:main.c        ****         }
 407:main.c        ****     }
 408:main.c        ****     return chs;
 409:main.c        **** }
 231              		.loc 1 409 0
 232 0034 3046     		mov	r0, r6
 233 0036 F8BD     		pop	{r3, r4, r5, r6, r7, pc}
 234              		.cfi_endproc
 235              	.LFE65:
 236              		.size	_read, .-_read
 237              		.section	.rodata.str1.4,"aMS",%progbits,1
 238              		.align	2
 239              	.LC0:
 240 0000 25642025 		.ascii	"%d %d %d %d \015\012\000"
 240      64202564 
 240      20256420 
 240      0D0A00
 241 000f 00       		.text
 242              	.Letext0:
 243              		.file 2 "c:\\program files (x86)\\cypress\\psoc creator\\4.0\\psoc creator\\import\\gnu\\arm\\4.9.
 244              		.file 3 "c:\\program files (x86)\\cypress\\psoc creator\\4.0\\psoc creator\\import\\gnu\\arm\\4.9.
 245              		.file 4 "Generated_Source\\PSoC5/cytypes.h"
 246              		.file 5 ".\\ZumoLibrary/Reflectance.h"
 247              		.file 6 "Generated_Source\\PSoC5/UART_1.h"
 248              		.file 7 "Generated_Source\\PSoC5/sensor_isr.h"
 249              		.file 8 "Generated_Source\\PSoC5/IR_led.h"
 250              		.file 9 "Generated_Source\\PSoC5/CyLib.h"
 251              		.file 10 "Generated_Source\\PSoC5/core_cm3.h"
 252              		.file 11 "c:\\program files (x86)\\cypress\\psoc creator\\4.0\\psoc creator\\import\\gnu\\arm\\4.9
 253              		.section	.debug_info,"",%progbits
 254              	.Ldebug_info0:
 255 0000 A8030000 		.4byte	0x3a8
 256 0004 0400     		.2byte	0x4
 257 0006 00000000 		.4byte	.Ldebug_abbrev0
 258 000a 04       		.byte	0x4
 259 000b 01       		.uleb128 0x1
 260 000c E2000000 		.4byte	.LASF33
 261 0010 01       		.byte	0x1
 262 0011 DC010000 		.4byte	.LASF34
 263 0015 08020000 		.4byte	.LASF35
 264 0019 00000000 		.4byte	.Ldebug_ranges0+0
 265 001d 00000000 		.4byte	0
 266 0021 00000000 		.4byte	.Ldebug_line0
 267 0025 02       		.uleb128 0x2
ARM GAS  C:\Users\vedranb\AppData\Local\Temp\ccfx8qKf.s 			page 13


 268 0026 01       		.byte	0x1
 269 0027 06       		.byte	0x6
 270 0028 65020000 		.4byte	.LASF0
 271 002c 02       		.uleb128 0x2
 272 002d 01       		.byte	0x1
 273 002e 08       		.byte	0x8
 274 002f 8A000000 		.4byte	.LASF1
 275 0033 02       		.uleb128 0x2
 276 0034 02       		.byte	0x2
 277 0035 05       		.byte	0x5
 278 0036 F5010000 		.4byte	.LASF2
 279 003a 03       		.uleb128 0x3
 280 003b C4000000 		.4byte	.LASF4
 281 003f 02       		.byte	0x2
 282 0040 2B       		.byte	0x2b
 283 0041 45000000 		.4byte	0x45
 284 0045 02       		.uleb128 0x2
 285 0046 02       		.byte	0x2
 286 0047 07       		.byte	0x7
 287 0048 2D000000 		.4byte	.LASF3
 288 004c 03       		.uleb128 0x3
 289 004d 1A000000 		.4byte	.LASF5
 290 0051 02       		.byte	0x2
 291 0052 3F       		.byte	0x3f
 292 0053 57000000 		.4byte	0x57
 293 0057 02       		.uleb128 0x2
 294 0058 04       		.byte	0x4
 295 0059 05       		.byte	0x5
 296 005a 24000000 		.4byte	.LASF6
 297 005e 02       		.uleb128 0x2
 298 005f 04       		.byte	0x4
 299 0060 07       		.byte	0x7
 300 0061 98000000 		.4byte	.LASF7
 301 0065 02       		.uleb128 0x2
 302 0066 08       		.byte	0x8
 303 0067 05       		.byte	0x5
 304 0068 CE010000 		.4byte	.LASF8
 305 006c 02       		.uleb128 0x2
 306 006d 08       		.byte	0x8
 307 006e 07       		.byte	0x7
 308 006f 8C010000 		.4byte	.LASF9
 309 0073 04       		.uleb128 0x4
 310 0074 04       		.byte	0x4
 311 0075 05       		.byte	0x5
 312 0076 696E7400 		.ascii	"int\000"
 313 007a 02       		.uleb128 0x2
 314 007b 04       		.byte	0x4
 315 007c 07       		.byte	0x7
 316 007d 7F010000 		.4byte	.LASF10
 317 0081 03       		.uleb128 0x3
 318 0082 FF010000 		.4byte	.LASF11
 319 0086 03       		.byte	0x3
 320 0087 21       		.byte	0x21
 321 0088 3A000000 		.4byte	0x3a
 322 008c 03       		.uleb128 0x3
 323 008d B6010000 		.4byte	.LASF12
 324 0091 03       		.byte	0x3
ARM GAS  C:\Users\vedranb\AppData\Local\Temp\ccfx8qKf.s 			page 14


 325 0092 2C       		.byte	0x2c
 326 0093 4C000000 		.4byte	0x4c
 327 0097 05       		.uleb128 0x5
 328 0098 B0010000 		.4byte	.LASF13
 329 009c 04       		.byte	0x4
 330 009d 9201     		.2byte	0x192
 331 009f 2C000000 		.4byte	0x2c
 332 00a3 05       		.uleb128 0x5
 333 00a4 DB000000 		.4byte	.LASF14
 334 00a8 04       		.byte	0x4
 335 00a9 9401     		.2byte	0x194
 336 00ab 5E000000 		.4byte	0x5e
 337 00af 02       		.uleb128 0x2
 338 00b0 04       		.byte	0x4
 339 00b1 04       		.byte	0x4
 340 00b2 6C000000 		.4byte	.LASF15
 341 00b6 02       		.uleb128 0x2
 342 00b7 08       		.byte	0x8
 343 00b8 04       		.byte	0x4
 344 00b9 CF000000 		.4byte	.LASF16
 345 00bd 02       		.uleb128 0x2
 346 00be 01       		.byte	0x1
 347 00bf 08       		.byte	0x8
 348 00c0 E3010000 		.4byte	.LASF17
 349 00c4 05       		.uleb128 0x5
 350 00c5 A3010000 		.4byte	.LASF18
 351 00c9 04       		.byte	0x4
 352 00ca 4E02     		.2byte	0x24e
 353 00cc D0000000 		.4byte	0xd0
 354 00d0 06       		.uleb128 0x6
 355 00d1 04       		.byte	0x4
 356 00d2 D6000000 		.4byte	0xd6
 357 00d6 07       		.uleb128 0x7
 358 00d7 02       		.uleb128 0x2
 359 00d8 04       		.byte	0x4
 360 00d9 07       		.byte	0x7
 361 00da C5010000 		.4byte	.LASF19
 362 00de 06       		.uleb128 0x6
 363 00df 04       		.byte	0x4
 364 00e0 BD000000 		.4byte	0xbd
 365 00e4 06       		.uleb128 0x6
 366 00e5 04       		.byte	0x4
 367 00e6 EA000000 		.4byte	0xea
 368 00ea 08       		.uleb128 0x8
 369 00eb BD000000 		.4byte	0xbd
 370 00ef 09       		.uleb128 0x9
 371 00f0 00000000 		.4byte	.LASF36
 372 00f4 08       		.byte	0x8
 373 00f5 05       		.byte	0x5
 374 00f6 11       		.byte	0x11
 375 00f7 28010000 		.4byte	0x128
 376 00fb 0A       		.uleb128 0xa
 377 00fc 6C3300   		.ascii	"l3\000"
 378 00ff 05       		.byte	0x5
 379 0100 12       		.byte	0x12
 380 0101 81000000 		.4byte	0x81
 381 0105 00       		.byte	0
ARM GAS  C:\Users\vedranb\AppData\Local\Temp\ccfx8qKf.s 			page 15


 382 0106 0A       		.uleb128 0xa
 383 0107 6C3100   		.ascii	"l1\000"
 384 010a 05       		.byte	0x5
 385 010b 14       		.byte	0x14
 386 010c 81000000 		.4byte	0x81
 387 0110 02       		.byte	0x2
 388 0111 0A       		.uleb128 0xa
 389 0112 723100   		.ascii	"r1\000"
 390 0115 05       		.byte	0x5
 391 0116 15       		.byte	0x15
 392 0117 81000000 		.4byte	0x81
 393 011b 04       		.byte	0x4
 394 011c 0A       		.uleb128 0xa
 395 011d 723300   		.ascii	"r3\000"
 396 0120 05       		.byte	0x5
 397 0121 17       		.byte	0x17
 398 0122 81000000 		.4byte	0x81
 399 0126 06       		.byte	0x6
 400 0127 00       		.byte	0
 401 0128 02       		.uleb128 0x2
 402 0129 08       		.byte	0x8
 403 012a 04       		.byte	0x4
 404 012b 59020000 		.4byte	.LASF20
 405 012f 0B       		.uleb128 0xb
 406 0130 D6000000 		.4byte	.LASF37
 407 0134 01       		.byte	0x1
 408 0135 E5       		.byte	0xe5
 409 0136 73000000 		.4byte	0x73
 410 013a 00000000 		.4byte	.LFB63
 411 013e 6C000000 		.4byte	.LFE63-.LFB63
 412 0142 01       		.uleb128 0x1
 413 0143 9C       		.byte	0x9c
 414 0144 F4010000 		.4byte	0x1f4
 415 0148 0C       		.uleb128 0xc
 416 0149 72656600 		.ascii	"ref\000"
 417 014d 01       		.byte	0x1
 418 014e E7       		.byte	0xe7
 419 014f EF000000 		.4byte	0xef
 420 0153 02       		.uleb128 0x2
 421 0154 91       		.byte	0x91
 422 0155 70       		.sleb128 -16
 423 0156 0C       		.uleb128 0xc
 424 0157 64696700 		.ascii	"dig\000"
 425 015b 01       		.byte	0x1
 426 015c E8       		.byte	0xe8
 427 015d EF000000 		.4byte	0xef
 428 0161 02       		.uleb128 0x2
 429 0162 91       		.byte	0x91
 430 0163 68       		.sleb128 -24
 431 0164 0D       		.uleb128 0xd
 432 0165 0A000000 		.4byte	.LVL0
 433 0169 10030000 		.4byte	0x310
 434 016d 0D       		.uleb128 0xd
 435 016e 10000000 		.4byte	.LVL1
 436 0172 17030000 		.4byte	0x317
 437 0176 0D       		.uleb128 0xd
 438 0177 14000000 		.4byte	.LVL2
ARM GAS  C:\Users\vedranb\AppData\Local\Temp\ccfx8qKf.s 			page 16


 439 017b 28030000 		.4byte	0x328
 440 017f 0E       		.uleb128 0xe
 441 0180 1A000000 		.4byte	.LVL3
 442 0184 2F030000 		.4byte	0x32f
 443 0188 92010000 		.4byte	0x192
 444 018c 0F       		.uleb128 0xf
 445 018d 01       		.uleb128 0x1
 446 018e 50       		.byte	0x50
 447 018f 01       		.uleb128 0x1
 448 0190 31       		.byte	0x31
 449 0191 00       		.byte	0
 450 0192 0E       		.uleb128 0xe
 451 0193 20000000 		.4byte	.LVL4
 452 0197 40030000 		.4byte	0x340
 453 019b A6010000 		.4byte	0x1a6
 454 019f 0F       		.uleb128 0xf
 455 01a0 01       		.uleb128 0x1
 456 01a1 50       		.byte	0x50
 457 01a2 02       		.uleb128 0x2
 458 01a3 91       		.byte	0x91
 459 01a4 70       		.sleb128 -16
 460 01a5 00       		.byte	0
 461 01a6 0E       		.uleb128 0xe
 462 01a7 3A000000 		.4byte	.LVL5
 463 01ab 57030000 		.4byte	0x357
 464 01af BA010000 		.4byte	0x1ba
 465 01b3 0F       		.uleb128 0xf
 466 01b4 01       		.uleb128 0x1
 467 01b5 50       		.byte	0x50
 468 01b6 02       		.uleb128 0x2
 469 01b7 74       		.byte	0x74
 470 01b8 00       		.sleb128 0
 471 01b9 00       		.byte	0
 472 01ba 0E       		.uleb128 0xe
 473 01bb 40000000 		.4byte	.LVL6
 474 01bf 6D030000 		.4byte	0x36d
 475 01c3 CE010000 		.4byte	0x1ce
 476 01c7 0F       		.uleb128 0xf
 477 01c8 01       		.uleb128 0x1
 478 01c9 50       		.byte	0x50
 479 01ca 02       		.uleb128 0x2
 480 01cb 91       		.byte	0x91
 481 01cc 68       		.sleb128 -24
 482 01cd 00       		.byte	0
 483 01ce 0E       		.uleb128 0xe
 484 01cf 58000000 		.4byte	.LVL7
 485 01d3 57030000 		.4byte	0x357
 486 01d7 E2010000 		.4byte	0x1e2
 487 01db 0F       		.uleb128 0xf
 488 01dc 01       		.uleb128 0x1
 489 01dd 50       		.byte	0x50
 490 01de 02       		.uleb128 0x2
 491 01df 74       		.byte	0x74
 492 01e0 00       		.sleb128 0
 493 01e1 00       		.byte	0
 494 01e2 10       		.uleb128 0x10
 495 01e3 60000000 		.4byte	.LVL8
ARM GAS  C:\Users\vedranb\AppData\Local\Temp\ccfx8qKf.s 			page 17


 496 01e7 7E030000 		.4byte	0x37e
 497 01eb 0F       		.uleb128 0xf
 498 01ec 01       		.uleb128 0x1
 499 01ed 50       		.byte	0x50
 500 01ee 03       		.uleb128 0x3
 501 01ef 0A       		.byte	0xa
 502 01f0 F401     		.2byte	0x1f4
 503 01f2 00       		.byte	0
 504 01f3 00       		.byte	0
 505 01f4 11       		.uleb128 0x11
 506 01f5 BE010000 		.4byte	.LASF22
 507 01f9 01       		.byte	0x1
 508 01fa 7901     		.2byte	0x179
 509 01fc 73000000 		.4byte	0x73
 510 0200 00000000 		.4byte	.LFB64
 511 0204 2A000000 		.4byte	.LFE64-.LFB64
 512 0208 01       		.uleb128 0x1
 513 0209 9C       		.byte	0x9c
 514 020a 69020000 		.4byte	0x269
 515 020e 12       		.uleb128 0x12
 516 020f 72000000 		.4byte	.LASF21
 517 0213 01       		.byte	0x1
 518 0214 7901     		.2byte	0x179
 519 0216 73000000 		.4byte	0x73
 520 021a 00000000 		.4byte	.LLST0
 521 021e 13       		.uleb128 0x13
 522 021f 70747200 		.ascii	"ptr\000"
 523 0223 01       		.byte	0x1
 524 0224 7901     		.2byte	0x179
 525 0226 DE000000 		.4byte	0xde
 526 022a 21000000 		.4byte	.LLST1
 527 022e 13       		.uleb128 0x13
 528 022f 6C656E00 		.ascii	"len\000"
 529 0233 01       		.byte	0x1
 530 0234 7901     		.2byte	0x179
 531 0236 73000000 		.4byte	0x73
 532 023a 55000000 		.4byte	.LLST2
 533 023e 14       		.uleb128 0x14
 534 023f 6E00     		.ascii	"n\000"
 535 0241 01       		.byte	0x1
 536 0242 7C01     		.2byte	0x17c
 537 0244 73000000 		.4byte	0x73
 538 0248 73000000 		.4byte	.LLST3
 539 024c 0E       		.uleb128 0xe
 540 024d 16000000 		.4byte	.LVL12
 541 0251 8F030000 		.4byte	0x38f
 542 0255 5F020000 		.4byte	0x25f
 543 0259 0F       		.uleb128 0xf
 544 025a 01       		.uleb128 0x1
 545 025b 50       		.byte	0x50
 546 025c 01       		.uleb128 0x1
 547 025d 3D       		.byte	0x3d
 548 025e 00       		.byte	0
 549 025f 0D       		.uleb128 0xd
 550 0260 1E000000 		.4byte	.LVL14
 551 0264 8F030000 		.4byte	0x38f
 552 0268 00       		.byte	0
ARM GAS  C:\Users\vedranb\AppData\Local\Temp\ccfx8qKf.s 			page 18


 553 0269 11       		.uleb128 0x11
 554 026a 66000000 		.4byte	.LASF23
 555 026e 01       		.byte	0x1
 556 026f 8401     		.2byte	0x184
 557 0271 73000000 		.4byte	0x73
 558 0275 00000000 		.4byte	.LFB65
 559 0279 38000000 		.4byte	.LFE65-.LFB65
 560 027d 01       		.uleb128 0x1
 561 027e 9C       		.byte	0x9c
 562 027f FF020000 		.4byte	0x2ff
 563 0283 12       		.uleb128 0x12
 564 0284 72000000 		.4byte	.LASF21
 565 0288 01       		.byte	0x1
 566 0289 8401     		.2byte	0x184
 567 028b 73000000 		.4byte	0x73
 568 028f 92000000 		.4byte	.LLST4
 569 0293 13       		.uleb128 0x13
 570 0294 70747200 		.ascii	"ptr\000"
 571 0298 01       		.byte	0x1
 572 0299 8401     		.2byte	0x184
 573 029b DE000000 		.4byte	0xde
 574 029f B3000000 		.4byte	.LLST5
 575 02a3 12       		.uleb128 0x12
 576 02a4 EF010000 		.4byte	.LASF24
 577 02a8 01       		.byte	0x1
 578 02a9 8401     		.2byte	0x184
 579 02ab 73000000 		.4byte	0x73
 580 02af E7000000 		.4byte	.LLST6
 581 02b3 14       		.uleb128 0x14
 582 02b4 63687300 		.ascii	"chs\000"
 583 02b8 01       		.byte	0x1
 584 02b9 8601     		.2byte	0x186
 585 02bb 73000000 		.4byte	0x73
 586 02bf 05010000 		.4byte	.LLST7
 587 02c3 14       		.uleb128 0x14
 588 02c4 636800   		.ascii	"ch\000"
 589 02c7 01       		.byte	0x1
 590 02c8 8701     		.2byte	0x187
 591 02ca BD000000 		.4byte	0xbd
 592 02ce 24010000 		.4byte	.LLST8
 593 02d2 0D       		.uleb128 0xd
 594 02d3 0E000000 		.4byte	.LVL20
 595 02d7 A0030000 		.4byte	0x3a0
 596 02db 0E       		.uleb128 0xe
 597 02dc 16000000 		.4byte	.LVL21
 598 02e0 8F030000 		.4byte	0x38f
 599 02e4 EF020000 		.4byte	0x2ef
 600 02e8 0F       		.uleb128 0xf
 601 02e9 01       		.uleb128 0x1
 602 02ea 50       		.byte	0x50
 603 02eb 02       		.uleb128 0x2
 604 02ec 75       		.byte	0x75
 605 02ed 00       		.sleb128 0
 606 02ee 00       		.byte	0
 607 02ef 10       		.uleb128 0x10
 608 02f0 22000000 		.4byte	.LVL24
 609 02f4 8F030000 		.4byte	0x38f
ARM GAS  C:\Users\vedranb\AppData\Local\Temp\ccfx8qKf.s 			page 19


 610 02f8 0F       		.uleb128 0xf
 611 02f9 01       		.uleb128 0x1
 612 02fa 50       		.byte	0x50
 613 02fb 01       		.uleb128 0x1
 614 02fc 3A       		.byte	0x3a
 615 02fd 00       		.byte	0
 616 02fe 00       		.byte	0
 617 02ff 15       		.uleb128 0x15
 618 0300 AA000000 		.4byte	.LASF38
 619 0304 0A       		.byte	0xa
 620 0305 9606     		.2byte	0x696
 621 0307 0B030000 		.4byte	0x30b
 622 030b 16       		.uleb128 0x16
 623 030c 8C000000 		.4byte	0x8c
 624 0310 17       		.uleb128 0x17
 625 0311 88020000 		.4byte	.LASF25
 626 0315 06       		.byte	0x6
 627 0316 54       		.byte	0x54
 628 0317 18       		.uleb128 0x18
 629 0318 77000000 		.4byte	.LASF27
 630 031c 07       		.byte	0x7
 631 031d 18       		.byte	0x18
 632 031e 28030000 		.4byte	0x328
 633 0322 19       		.uleb128 0x19
 634 0323 C4000000 		.4byte	0xc4
 635 0327 00       		.byte	0
 636 0328 17       		.uleb128 0x17
 637 0329 54000000 		.4byte	.LASF26
 638 032d 05       		.byte	0x5
 639 032e 1A       		.byte	0x1a
 640 032f 18       		.uleb128 0x18
 641 0330 B7000000 		.4byte	.LASF28
 642 0334 08       		.byte	0x8
 643 0335 26       		.byte	0x26
 644 0336 40030000 		.4byte	0x340
 645 033a 19       		.uleb128 0x19
 646 033b 97000000 		.4byte	0x97
 647 033f 00       		.byte	0
 648 0340 18       		.uleb128 0x18
 649 0341 09000000 		.4byte	.LASF29
 650 0345 05       		.byte	0x5
 651 0346 1B       		.byte	0x1b
 652 0347 51030000 		.4byte	0x351
 653 034b 19       		.uleb128 0x19
 654 034c 51030000 		.4byte	0x351
 655 0350 00       		.byte	0
 656 0351 06       		.uleb128 0x6
 657 0352 04       		.byte	0x4
 658 0353 EF000000 		.4byte	0xef
 659 0357 1A       		.uleb128 0x1a
 660 0358 E8010000 		.4byte	.LASF39
 661 035c 0B       		.byte	0xb
 662 035d B2       		.byte	0xb2
 663 035e 73000000 		.4byte	0x73
 664 0362 6D030000 		.4byte	0x36d
 665 0366 19       		.uleb128 0x19
 666 0367 E4000000 		.4byte	0xe4
ARM GAS  C:\Users\vedranb\AppData\Local\Temp\ccfx8qKf.s 			page 20


 667 036b 1B       		.uleb128 0x1b
 668 036c 00       		.byte	0
 669 036d 18       		.uleb128 0x18
 670 036e 40000000 		.4byte	.LASF30
 671 0372 05       		.byte	0x5
 672 0373 1C       		.byte	0x1c
 673 0374 7E030000 		.4byte	0x37e
 674 0378 19       		.uleb128 0x19
 675 0379 51030000 		.4byte	0x351
 676 037d 00       		.byte	0
 677 037e 18       		.uleb128 0x18
 678 037f 71020000 		.4byte	.LASF31
 679 0383 09       		.byte	0x9
 680 0384 76       		.byte	0x76
 681 0385 8F030000 		.4byte	0x38f
 682 0389 19       		.uleb128 0x19
 683 038a A3000000 		.4byte	0xa3
 684 038e 00       		.byte	0
 685 038f 18       		.uleb128 0x18
 686 0390 70010000 		.4byte	.LASF32
 687 0394 06       		.byte	0x6
 688 0395 8A       		.byte	0x8a
 689 0396 A0030000 		.4byte	0x3a0
 690 039a 19       		.uleb128 0x19
 691 039b 97000000 		.4byte	0x97
 692 039f 00       		.byte	0
 693 03a0 1C       		.uleb128 0x1c
 694 03a1 79020000 		.4byte	.LASF40
 695 03a5 06       		.byte	0x6
 696 03a6 71       		.byte	0x71
 697 03a7 97000000 		.4byte	0x97
 698 03ab 00       		.byte	0
 699              		.section	.debug_abbrev,"",%progbits
 700              	.Ldebug_abbrev0:
 701 0000 01       		.uleb128 0x1
 702 0001 11       		.uleb128 0x11
 703 0002 01       		.byte	0x1
 704 0003 25       		.uleb128 0x25
 705 0004 0E       		.uleb128 0xe
 706 0005 13       		.uleb128 0x13
 707 0006 0B       		.uleb128 0xb
 708 0007 03       		.uleb128 0x3
 709 0008 0E       		.uleb128 0xe
 710 0009 1B       		.uleb128 0x1b
 711 000a 0E       		.uleb128 0xe
 712 000b 55       		.uleb128 0x55
 713 000c 17       		.uleb128 0x17
 714 000d 11       		.uleb128 0x11
 715 000e 01       		.uleb128 0x1
 716 000f 10       		.uleb128 0x10
 717 0010 17       		.uleb128 0x17
 718 0011 00       		.byte	0
 719 0012 00       		.byte	0
 720 0013 02       		.uleb128 0x2
 721 0014 24       		.uleb128 0x24
 722 0015 00       		.byte	0
 723 0016 0B       		.uleb128 0xb
ARM GAS  C:\Users\vedranb\AppData\Local\Temp\ccfx8qKf.s 			page 21


 724 0017 0B       		.uleb128 0xb
 725 0018 3E       		.uleb128 0x3e
 726 0019 0B       		.uleb128 0xb
 727 001a 03       		.uleb128 0x3
 728 001b 0E       		.uleb128 0xe
 729 001c 00       		.byte	0
 730 001d 00       		.byte	0
 731 001e 03       		.uleb128 0x3
 732 001f 16       		.uleb128 0x16
 733 0020 00       		.byte	0
 734 0021 03       		.uleb128 0x3
 735 0022 0E       		.uleb128 0xe
 736 0023 3A       		.uleb128 0x3a
 737 0024 0B       		.uleb128 0xb
 738 0025 3B       		.uleb128 0x3b
 739 0026 0B       		.uleb128 0xb
 740 0027 49       		.uleb128 0x49
 741 0028 13       		.uleb128 0x13
 742 0029 00       		.byte	0
 743 002a 00       		.byte	0
 744 002b 04       		.uleb128 0x4
 745 002c 24       		.uleb128 0x24
 746 002d 00       		.byte	0
 747 002e 0B       		.uleb128 0xb
 748 002f 0B       		.uleb128 0xb
 749 0030 3E       		.uleb128 0x3e
 750 0031 0B       		.uleb128 0xb
 751 0032 03       		.uleb128 0x3
 752 0033 08       		.uleb128 0x8
 753 0034 00       		.byte	0
 754 0035 00       		.byte	0
 755 0036 05       		.uleb128 0x5
 756 0037 16       		.uleb128 0x16
 757 0038 00       		.byte	0
 758 0039 03       		.uleb128 0x3
 759 003a 0E       		.uleb128 0xe
 760 003b 3A       		.uleb128 0x3a
 761 003c 0B       		.uleb128 0xb
 762 003d 3B       		.uleb128 0x3b
 763 003e 05       		.uleb128 0x5
 764 003f 49       		.uleb128 0x49
 765 0040 13       		.uleb128 0x13
 766 0041 00       		.byte	0
 767 0042 00       		.byte	0
 768 0043 06       		.uleb128 0x6
 769 0044 0F       		.uleb128 0xf
 770 0045 00       		.byte	0
 771 0046 0B       		.uleb128 0xb
 772 0047 0B       		.uleb128 0xb
 773 0048 49       		.uleb128 0x49
 774 0049 13       		.uleb128 0x13
 775 004a 00       		.byte	0
 776 004b 00       		.byte	0
 777 004c 07       		.uleb128 0x7
 778 004d 15       		.uleb128 0x15
 779 004e 00       		.byte	0
 780 004f 27       		.uleb128 0x27
ARM GAS  C:\Users\vedranb\AppData\Local\Temp\ccfx8qKf.s 			page 22


 781 0050 19       		.uleb128 0x19
 782 0051 00       		.byte	0
 783 0052 00       		.byte	0
 784 0053 08       		.uleb128 0x8
 785 0054 26       		.uleb128 0x26
 786 0055 00       		.byte	0
 787 0056 49       		.uleb128 0x49
 788 0057 13       		.uleb128 0x13
 789 0058 00       		.byte	0
 790 0059 00       		.byte	0
 791 005a 09       		.uleb128 0x9
 792 005b 13       		.uleb128 0x13
 793 005c 01       		.byte	0x1
 794 005d 03       		.uleb128 0x3
 795 005e 0E       		.uleb128 0xe
 796 005f 0B       		.uleb128 0xb
 797 0060 0B       		.uleb128 0xb
 798 0061 3A       		.uleb128 0x3a
 799 0062 0B       		.uleb128 0xb
 800 0063 3B       		.uleb128 0x3b
 801 0064 0B       		.uleb128 0xb
 802 0065 01       		.uleb128 0x1
 803 0066 13       		.uleb128 0x13
 804 0067 00       		.byte	0
 805 0068 00       		.byte	0
 806 0069 0A       		.uleb128 0xa
 807 006a 0D       		.uleb128 0xd
 808 006b 00       		.byte	0
 809 006c 03       		.uleb128 0x3
 810 006d 08       		.uleb128 0x8
 811 006e 3A       		.uleb128 0x3a
 812 006f 0B       		.uleb128 0xb
 813 0070 3B       		.uleb128 0x3b
 814 0071 0B       		.uleb128 0xb
 815 0072 49       		.uleb128 0x49
 816 0073 13       		.uleb128 0x13
 817 0074 38       		.uleb128 0x38
 818 0075 0B       		.uleb128 0xb
 819 0076 00       		.byte	0
 820 0077 00       		.byte	0
 821 0078 0B       		.uleb128 0xb
 822 0079 2E       		.uleb128 0x2e
 823 007a 01       		.byte	0x1
 824 007b 3F       		.uleb128 0x3f
 825 007c 19       		.uleb128 0x19
 826 007d 03       		.uleb128 0x3
 827 007e 0E       		.uleb128 0xe
 828 007f 3A       		.uleb128 0x3a
 829 0080 0B       		.uleb128 0xb
 830 0081 3B       		.uleb128 0x3b
 831 0082 0B       		.uleb128 0xb
 832 0083 49       		.uleb128 0x49
 833 0084 13       		.uleb128 0x13
 834 0085 11       		.uleb128 0x11
 835 0086 01       		.uleb128 0x1
 836 0087 12       		.uleb128 0x12
 837 0088 06       		.uleb128 0x6
ARM GAS  C:\Users\vedranb\AppData\Local\Temp\ccfx8qKf.s 			page 23


 838 0089 40       		.uleb128 0x40
 839 008a 18       		.uleb128 0x18
 840 008b 9742     		.uleb128 0x2117
 841 008d 19       		.uleb128 0x19
 842 008e 01       		.uleb128 0x1
 843 008f 13       		.uleb128 0x13
 844 0090 00       		.byte	0
 845 0091 00       		.byte	0
 846 0092 0C       		.uleb128 0xc
 847 0093 34       		.uleb128 0x34
 848 0094 00       		.byte	0
 849 0095 03       		.uleb128 0x3
 850 0096 08       		.uleb128 0x8
 851 0097 3A       		.uleb128 0x3a
 852 0098 0B       		.uleb128 0xb
 853 0099 3B       		.uleb128 0x3b
 854 009a 0B       		.uleb128 0xb
 855 009b 49       		.uleb128 0x49
 856 009c 13       		.uleb128 0x13
 857 009d 02       		.uleb128 0x2
 858 009e 18       		.uleb128 0x18
 859 009f 00       		.byte	0
 860 00a0 00       		.byte	0
 861 00a1 0D       		.uleb128 0xd
 862 00a2 898201   		.uleb128 0x4109
 863 00a5 00       		.byte	0
 864 00a6 11       		.uleb128 0x11
 865 00a7 01       		.uleb128 0x1
 866 00a8 31       		.uleb128 0x31
 867 00a9 13       		.uleb128 0x13
 868 00aa 00       		.byte	0
 869 00ab 00       		.byte	0
 870 00ac 0E       		.uleb128 0xe
 871 00ad 898201   		.uleb128 0x4109
 872 00b0 01       		.byte	0x1
 873 00b1 11       		.uleb128 0x11
 874 00b2 01       		.uleb128 0x1
 875 00b3 31       		.uleb128 0x31
 876 00b4 13       		.uleb128 0x13
 877 00b5 01       		.uleb128 0x1
 878 00b6 13       		.uleb128 0x13
 879 00b7 00       		.byte	0
 880 00b8 00       		.byte	0
 881 00b9 0F       		.uleb128 0xf
 882 00ba 8A8201   		.uleb128 0x410a
 883 00bd 00       		.byte	0
 884 00be 02       		.uleb128 0x2
 885 00bf 18       		.uleb128 0x18
 886 00c0 9142     		.uleb128 0x2111
 887 00c2 18       		.uleb128 0x18
 888 00c3 00       		.byte	0
 889 00c4 00       		.byte	0
 890 00c5 10       		.uleb128 0x10
 891 00c6 898201   		.uleb128 0x4109
 892 00c9 01       		.byte	0x1
 893 00ca 11       		.uleb128 0x11
 894 00cb 01       		.uleb128 0x1
ARM GAS  C:\Users\vedranb\AppData\Local\Temp\ccfx8qKf.s 			page 24


 895 00cc 31       		.uleb128 0x31
 896 00cd 13       		.uleb128 0x13
 897 00ce 00       		.byte	0
 898 00cf 00       		.byte	0
 899 00d0 11       		.uleb128 0x11
 900 00d1 2E       		.uleb128 0x2e
 901 00d2 01       		.byte	0x1
 902 00d3 3F       		.uleb128 0x3f
 903 00d4 19       		.uleb128 0x19
 904 00d5 03       		.uleb128 0x3
 905 00d6 0E       		.uleb128 0xe
 906 00d7 3A       		.uleb128 0x3a
 907 00d8 0B       		.uleb128 0xb
 908 00d9 3B       		.uleb128 0x3b
 909 00da 05       		.uleb128 0x5
 910 00db 27       		.uleb128 0x27
 911 00dc 19       		.uleb128 0x19
 912 00dd 49       		.uleb128 0x49
 913 00de 13       		.uleb128 0x13
 914 00df 11       		.uleb128 0x11
 915 00e0 01       		.uleb128 0x1
 916 00e1 12       		.uleb128 0x12
 917 00e2 06       		.uleb128 0x6
 918 00e3 40       		.uleb128 0x40
 919 00e4 18       		.uleb128 0x18
 920 00e5 9742     		.uleb128 0x2117
 921 00e7 19       		.uleb128 0x19
 922 00e8 01       		.uleb128 0x1
 923 00e9 13       		.uleb128 0x13
 924 00ea 00       		.byte	0
 925 00eb 00       		.byte	0
 926 00ec 12       		.uleb128 0x12
 927 00ed 05       		.uleb128 0x5
 928 00ee 00       		.byte	0
 929 00ef 03       		.uleb128 0x3
 930 00f0 0E       		.uleb128 0xe
 931 00f1 3A       		.uleb128 0x3a
 932 00f2 0B       		.uleb128 0xb
 933 00f3 3B       		.uleb128 0x3b
 934 00f4 05       		.uleb128 0x5
 935 00f5 49       		.uleb128 0x49
 936 00f6 13       		.uleb128 0x13
 937 00f7 02       		.uleb128 0x2
 938 00f8 17       		.uleb128 0x17
 939 00f9 00       		.byte	0
 940 00fa 00       		.byte	0
 941 00fb 13       		.uleb128 0x13
 942 00fc 05       		.uleb128 0x5
 943 00fd 00       		.byte	0
 944 00fe 03       		.uleb128 0x3
 945 00ff 08       		.uleb128 0x8
 946 0100 3A       		.uleb128 0x3a
 947 0101 0B       		.uleb128 0xb
 948 0102 3B       		.uleb128 0x3b
 949 0103 05       		.uleb128 0x5
 950 0104 49       		.uleb128 0x49
 951 0105 13       		.uleb128 0x13
ARM GAS  C:\Users\vedranb\AppData\Local\Temp\ccfx8qKf.s 			page 25


 952 0106 02       		.uleb128 0x2
 953 0107 17       		.uleb128 0x17
 954 0108 00       		.byte	0
 955 0109 00       		.byte	0
 956 010a 14       		.uleb128 0x14
 957 010b 34       		.uleb128 0x34
 958 010c 00       		.byte	0
 959 010d 03       		.uleb128 0x3
 960 010e 08       		.uleb128 0x8
 961 010f 3A       		.uleb128 0x3a
 962 0110 0B       		.uleb128 0xb
 963 0111 3B       		.uleb128 0x3b
 964 0112 05       		.uleb128 0x5
 965 0113 49       		.uleb128 0x49
 966 0114 13       		.uleb128 0x13
 967 0115 02       		.uleb128 0x2
 968 0116 17       		.uleb128 0x17
 969 0117 00       		.byte	0
 970 0118 00       		.byte	0
 971 0119 15       		.uleb128 0x15
 972 011a 34       		.uleb128 0x34
 973 011b 00       		.byte	0
 974 011c 03       		.uleb128 0x3
 975 011d 0E       		.uleb128 0xe
 976 011e 3A       		.uleb128 0x3a
 977 011f 0B       		.uleb128 0xb
 978 0120 3B       		.uleb128 0x3b
 979 0121 05       		.uleb128 0x5
 980 0122 49       		.uleb128 0x49
 981 0123 13       		.uleb128 0x13
 982 0124 3F       		.uleb128 0x3f
 983 0125 19       		.uleb128 0x19
 984 0126 3C       		.uleb128 0x3c
 985 0127 19       		.uleb128 0x19
 986 0128 00       		.byte	0
 987 0129 00       		.byte	0
 988 012a 16       		.uleb128 0x16
 989 012b 35       		.uleb128 0x35
 990 012c 00       		.byte	0
 991 012d 49       		.uleb128 0x49
 992 012e 13       		.uleb128 0x13
 993 012f 00       		.byte	0
 994 0130 00       		.byte	0
 995 0131 17       		.uleb128 0x17
 996 0132 2E       		.uleb128 0x2e
 997 0133 00       		.byte	0
 998 0134 3F       		.uleb128 0x3f
 999 0135 19       		.uleb128 0x19
 1000 0136 03       		.uleb128 0x3
 1001 0137 0E       		.uleb128 0xe
 1002 0138 3A       		.uleb128 0x3a
 1003 0139 0B       		.uleb128 0xb
 1004 013a 3B       		.uleb128 0x3b
 1005 013b 0B       		.uleb128 0xb
 1006 013c 27       		.uleb128 0x27
 1007 013d 19       		.uleb128 0x19
 1008 013e 3C       		.uleb128 0x3c
ARM GAS  C:\Users\vedranb\AppData\Local\Temp\ccfx8qKf.s 			page 26


 1009 013f 19       		.uleb128 0x19
 1010 0140 00       		.byte	0
 1011 0141 00       		.byte	0
 1012 0142 18       		.uleb128 0x18
 1013 0143 2E       		.uleb128 0x2e
 1014 0144 01       		.byte	0x1
 1015 0145 3F       		.uleb128 0x3f
 1016 0146 19       		.uleb128 0x19
 1017 0147 03       		.uleb128 0x3
 1018 0148 0E       		.uleb128 0xe
 1019 0149 3A       		.uleb128 0x3a
 1020 014a 0B       		.uleb128 0xb
 1021 014b 3B       		.uleb128 0x3b
 1022 014c 0B       		.uleb128 0xb
 1023 014d 27       		.uleb128 0x27
 1024 014e 19       		.uleb128 0x19
 1025 014f 3C       		.uleb128 0x3c
 1026 0150 19       		.uleb128 0x19
 1027 0151 01       		.uleb128 0x1
 1028 0152 13       		.uleb128 0x13
 1029 0153 00       		.byte	0
 1030 0154 00       		.byte	0
 1031 0155 19       		.uleb128 0x19
 1032 0156 05       		.uleb128 0x5
 1033 0157 00       		.byte	0
 1034 0158 49       		.uleb128 0x49
 1035 0159 13       		.uleb128 0x13
 1036 015a 00       		.byte	0
 1037 015b 00       		.byte	0
 1038 015c 1A       		.uleb128 0x1a
 1039 015d 2E       		.uleb128 0x2e
 1040 015e 01       		.byte	0x1
 1041 015f 3F       		.uleb128 0x3f
 1042 0160 19       		.uleb128 0x19
 1043 0161 03       		.uleb128 0x3
 1044 0162 0E       		.uleb128 0xe
 1045 0163 3A       		.uleb128 0x3a
 1046 0164 0B       		.uleb128 0xb
 1047 0165 3B       		.uleb128 0x3b
 1048 0166 0B       		.uleb128 0xb
 1049 0167 27       		.uleb128 0x27
 1050 0168 19       		.uleb128 0x19
 1051 0169 49       		.uleb128 0x49
 1052 016a 13       		.uleb128 0x13
 1053 016b 3C       		.uleb128 0x3c
 1054 016c 19       		.uleb128 0x19
 1055 016d 01       		.uleb128 0x1
 1056 016e 13       		.uleb128 0x13
 1057 016f 00       		.byte	0
 1058 0170 00       		.byte	0
 1059 0171 1B       		.uleb128 0x1b
 1060 0172 18       		.uleb128 0x18
 1061 0173 00       		.byte	0
 1062 0174 00       		.byte	0
 1063 0175 00       		.byte	0
 1064 0176 1C       		.uleb128 0x1c
 1065 0177 2E       		.uleb128 0x2e
ARM GAS  C:\Users\vedranb\AppData\Local\Temp\ccfx8qKf.s 			page 27


 1066 0178 00       		.byte	0
 1067 0179 3F       		.uleb128 0x3f
 1068 017a 19       		.uleb128 0x19
 1069 017b 03       		.uleb128 0x3
 1070 017c 0E       		.uleb128 0xe
 1071 017d 3A       		.uleb128 0x3a
 1072 017e 0B       		.uleb128 0xb
 1073 017f 3B       		.uleb128 0x3b
 1074 0180 0B       		.uleb128 0xb
 1075 0181 27       		.uleb128 0x27
 1076 0182 19       		.uleb128 0x19
 1077 0183 49       		.uleb128 0x49
 1078 0184 13       		.uleb128 0x13
 1079 0185 3C       		.uleb128 0x3c
 1080 0186 19       		.uleb128 0x19
 1081 0187 00       		.byte	0
 1082 0188 00       		.byte	0
 1083 0189 00       		.byte	0
 1084              		.section	.debug_loc,"",%progbits
 1085              	.Ldebug_loc0:
 1086              	.LLST0:
 1087 0000 00000000 		.4byte	.LVL9
 1088 0004 0A000000 		.4byte	.LVL11
 1089 0008 0100     		.2byte	0x1
 1090 000a 50       		.byte	0x50
 1091 000b 0A000000 		.4byte	.LVL11
 1092 000f 2A000000 		.4byte	.LFE64
 1093 0013 0400     		.2byte	0x4
 1094 0015 F3       		.byte	0xf3
 1095 0016 01       		.uleb128 0x1
 1096 0017 50       		.byte	0x50
 1097 0018 9F       		.byte	0x9f
 1098 0019 00000000 		.4byte	0
 1099 001d 00000000 		.4byte	0
 1100              	.LLST1:
 1101 0021 00000000 		.4byte	.LVL9
 1102 0025 0A000000 		.4byte	.LVL11
 1103 0029 0100     		.2byte	0x1
 1104 002b 51       		.byte	0x51
 1105 002c 0A000000 		.4byte	.LVL11
 1106 0030 18000000 		.4byte	.LVL13
 1107 0034 0100     		.2byte	0x1
 1108 0036 54       		.byte	0x54
 1109 0037 18000000 		.4byte	.LVL13
 1110 003b 22000000 		.4byte	.LVL16
 1111 003f 0100     		.2byte	0x1
 1112 0041 56       		.byte	0x56
 1113 0042 22000000 		.4byte	.LVL16
 1114 0046 2A000000 		.4byte	.LFE64
 1115 004a 0100     		.2byte	0x1
 1116 004c 54       		.byte	0x54
 1117 004d 00000000 		.4byte	0
 1118 0051 00000000 		.4byte	0
 1119              	.LLST2:
 1120 0055 00000000 		.4byte	.LVL9
 1121 0059 0A000000 		.4byte	.LVL11
 1122 005d 0100     		.2byte	0x1
ARM GAS  C:\Users\vedranb\AppData\Local\Temp\ccfx8qKf.s 			page 28


 1123 005f 52       		.byte	0x52
 1124 0060 0A000000 		.4byte	.LVL11
 1125 0064 2A000000 		.4byte	.LFE64
 1126 0068 0100     		.2byte	0x1
 1127 006a 57       		.byte	0x57
 1128 006b 00000000 		.4byte	0
 1129 006f 00000000 		.4byte	0
 1130              	.LLST3:
 1131 0073 06000000 		.4byte	.LVL10
 1132 0077 0A000000 		.4byte	.LVL11
 1133 007b 0200     		.2byte	0x2
 1134 007d 30       		.byte	0x30
 1135 007e 9F       		.byte	0x9f
 1136 007f 0A000000 		.4byte	.LVL11
 1137 0083 2A000000 		.4byte	.LFE64
 1138 0087 0100     		.2byte	0x1
 1139 0089 55       		.byte	0x55
 1140 008a 00000000 		.4byte	0
 1141 008e 00000000 		.4byte	0
 1142              	.LLST4:
 1143 0092 00000000 		.4byte	.LVL17
 1144 0096 0A000000 		.4byte	.LVL19
 1145 009a 0100     		.2byte	0x1
 1146 009c 50       		.byte	0x50
 1147 009d 0A000000 		.4byte	.LVL19
 1148 00a1 38000000 		.4byte	.LFE65
 1149 00a5 0400     		.2byte	0x4
 1150 00a7 F3       		.byte	0xf3
 1151 00a8 01       		.uleb128 0x1
 1152 00a9 50       		.byte	0x50
 1153 00aa 9F       		.byte	0x9f
 1154 00ab 00000000 		.4byte	0
 1155 00af 00000000 		.4byte	0
 1156              	.LLST5:
 1157 00b3 00000000 		.4byte	.LVL17
 1158 00b7 0A000000 		.4byte	.LVL19
 1159 00bb 0100     		.2byte	0x1
 1160 00bd 51       		.byte	0x51
 1161 00be 0A000000 		.4byte	.LVL19
 1162 00c2 26000000 		.4byte	.LVL26
 1163 00c6 0100     		.2byte	0x1
 1164 00c8 57       		.byte	0x57
 1165 00c9 26000000 		.4byte	.LVL26
 1166 00cd 30000000 		.4byte	.LVL28
 1167 00d1 0100     		.2byte	0x1
 1168 00d3 53       		.byte	0x53
 1169 00d4 30000000 		.4byte	.LVL28
 1170 00d8 34000000 		.4byte	.LVL29
 1171 00dc 0100     		.2byte	0x1
 1172 00de 57       		.byte	0x57
 1173 00df 00000000 		.4byte	0
 1174 00e3 00000000 		.4byte	0
 1175              	.LLST6:
 1176 00e7 00000000 		.4byte	.LVL17
 1177 00eb 0A000000 		.4byte	.LVL19
 1178 00ef 0100     		.2byte	0x1
 1179 00f1 52       		.byte	0x52
ARM GAS  C:\Users\vedranb\AppData\Local\Temp\ccfx8qKf.s 			page 29


 1180 00f2 0A000000 		.4byte	.LVL19
 1181 00f6 38000000 		.4byte	.LFE65
 1182 00fa 0100     		.2byte	0x1
 1183 00fc 54       		.byte	0x54
 1184 00fd 00000000 		.4byte	0
 1185 0101 00000000 		.4byte	0
 1186              	.LLST7:
 1187 0105 06000000 		.4byte	.LVL18
 1188 0109 0A000000 		.4byte	.LVL19
 1189 010d 0200     		.2byte	0x2
 1190 010f 30       		.byte	0x30
 1191 0110 9F       		.byte	0x9f
 1192 0111 0A000000 		.4byte	.LVL19
 1193 0115 38000000 		.4byte	.LFE65
 1194 0119 0100     		.2byte	0x1
 1195 011b 56       		.byte	0x56
 1196 011c 00000000 		.4byte	0
 1197 0120 00000000 		.4byte	0
 1198              	.LLST8:
 1199 0124 0E000000 		.4byte	.LVL20
 1200 0128 15000000 		.4byte	.LVL21-1
 1201 012c 0100     		.2byte	0x1
 1202 012e 50       		.byte	0x50
 1203 012f 1C000000 		.4byte	.LVL23
 1204 0133 24000000 		.4byte	.LVL25
 1205 0137 0200     		.2byte	0x2
 1206 0139 3A       		.byte	0x3a
 1207 013a 9F       		.byte	0x9f
 1208 013b 24000000 		.4byte	.LVL25
 1209 013f 30000000 		.4byte	.LVL28
 1210 0143 0100     		.2byte	0x1
 1211 0145 55       		.byte	0x55
 1212 0146 00000000 		.4byte	0
 1213 014a 00000000 		.4byte	0
 1214              		.section	.debug_aranges,"",%progbits
 1215 0000 2C000000 		.4byte	0x2c
 1216 0004 0200     		.2byte	0x2
 1217 0006 00000000 		.4byte	.Ldebug_info0
 1218 000a 04       		.byte	0x4
 1219 000b 00       		.byte	0
 1220 000c 0000     		.2byte	0
 1221 000e 0000     		.2byte	0
 1222 0010 00000000 		.4byte	.LFB63
 1223 0014 6C000000 		.4byte	.LFE63-.LFB63
 1224 0018 00000000 		.4byte	.LFB64
 1225 001c 2A000000 		.4byte	.LFE64-.LFB64
 1226 0020 00000000 		.4byte	.LFB65
 1227 0024 38000000 		.4byte	.LFE65-.LFB65
 1228 0028 00000000 		.4byte	0
 1229 002c 00000000 		.4byte	0
 1230              		.section	.debug_ranges,"",%progbits
 1231              	.Ldebug_ranges0:
 1232 0000 00000000 		.4byte	.LFB63
 1233 0004 6C000000 		.4byte	.LFE63
 1234 0008 00000000 		.4byte	.LFB64
 1235 000c 2A000000 		.4byte	.LFE64
 1236 0010 00000000 		.4byte	.LFB65
ARM GAS  C:\Users\vedranb\AppData\Local\Temp\ccfx8qKf.s 			page 30


 1237 0014 38000000 		.4byte	.LFE65
 1238 0018 00000000 		.4byte	0
 1239 001c 00000000 		.4byte	0
 1240              		.section	.debug_line,"",%progbits
 1241              	.Ldebug_line0:
 1242 0000 2E020000 		.section	.debug_str,"MS",%progbits,1
 1242      0200A401 
 1242      00000201 
 1242      FB0E0D00 
 1242      01010101 
 1243              	.LASF36:
 1244 0000 73656E73 		.ascii	"sensors_\000"
 1244      6F72735F 
 1244      00
 1245              	.LASF29:
 1246 0009 7265666C 		.ascii	"reflectance_read\000"
 1246      65637461 
 1246      6E63655F 
 1246      72656164 
 1246      00
 1247              	.LASF5:
 1248 001a 5F5F696E 		.ascii	"__int32_t\000"
 1248      7433325F 
 1248      7400
 1249              	.LASF6:
 1250 0024 6C6F6E67 		.ascii	"long int\000"
 1250      20696E74 
 1250      00
 1251              	.LASF3:
 1252 002d 73686F72 		.ascii	"short unsigned int\000"
 1252      7420756E 
 1252      7369676E 
 1252      65642069 
 1252      6E7400
 1253              	.LASF30:
 1254 0040 7265666C 		.ascii	"reflectance_digital\000"
 1254      65637461 
 1254      6E63655F 
 1254      64696769 
 1254      74616C00 
 1255              	.LASF26:
 1256 0054 7265666C 		.ascii	"reflectance_start\000"
 1256      65637461 
 1256      6E63655F 
 1256      73746172 
 1256      7400
 1257              	.LASF23:
 1258 0066 5F726561 		.ascii	"_read\000"
 1258      6400
 1259              	.LASF15:
 1260 006c 666C6F61 		.ascii	"float\000"
 1260      7400
 1261              	.LASF21:
 1262 0072 66696C65 		.ascii	"file\000"
 1262      00
 1263              	.LASF27:
 1264 0077 73656E73 		.ascii	"sensor_isr_StartEx\000"
ARM GAS  C:\Users\vedranb\AppData\Local\Temp\ccfx8qKf.s 			page 31


 1264      6F725F69 
 1264      73725F53 
 1264      74617274 
 1264      457800
 1265              	.LASF1:
 1266 008a 756E7369 		.ascii	"unsigned char\000"
 1266      676E6564 
 1266      20636861 
 1266      7200
 1267              	.LASF7:
 1268 0098 6C6F6E67 		.ascii	"long unsigned int\000"
 1268      20756E73 
 1268      69676E65 
 1268      6420696E 
 1268      7400
 1269              	.LASF38:
 1270 00aa 49544D5F 		.ascii	"ITM_RxBuffer\000"
 1270      52784275 
 1270      66666572 
 1270      00
 1271              	.LASF28:
 1272 00b7 49525F6C 		.ascii	"IR_led_Write\000"
 1272      65645F57 
 1272      72697465 
 1272      00
 1273              	.LASF4:
 1274 00c4 5F5F7569 		.ascii	"__uint16_t\000"
 1274      6E743136 
 1274      5F7400
 1275              	.LASF16:
 1276 00cf 646F7562 		.ascii	"double\000"
 1276      6C6500
 1277              	.LASF37:
 1278 00d6 6D61696E 		.ascii	"main\000"
 1278      00
 1279              	.LASF14:
 1280 00db 75696E74 		.ascii	"uint32\000"
 1280      333200
 1281              	.LASF33:
 1282 00e2 474E5520 		.ascii	"GNU C 4.9.3 20150303 (release) [ARM/embedded-4_9-br"
 1282      4320342E 
 1282      392E3320 
 1282      32303135 
 1282      30333033 
 1283 0115 616E6368 		.ascii	"anch revision 221220] -mcpu=cortex-m3 -mthumb -g -O"
 1283      20726576 
 1283      6973696F 
 1283      6E203232 
 1283      31323230 
 1284 0148 67202D66 		.ascii	"g -ffunction-sections -ffat-lto-objects\000"
 1284      66756E63 
 1284      74696F6E 
 1284      2D736563 
 1284      74696F6E 
 1285              	.LASF32:
 1286 0170 55415254 		.ascii	"UART_1_PutChar\000"
 1286      5F315F50 
ARM GAS  C:\Users\vedranb\AppData\Local\Temp\ccfx8qKf.s 			page 32


 1286      75744368 
 1286      617200
 1287              	.LASF10:
 1288 017f 756E7369 		.ascii	"unsigned int\000"
 1288      676E6564 
 1288      20696E74 
 1288      00
 1289              	.LASF9:
 1290 018c 6C6F6E67 		.ascii	"long long unsigned int\000"
 1290      206C6F6E 
 1290      6720756E 
 1290      7369676E 
 1290      65642069 
 1291              	.LASF18:
 1292 01a3 63796973 		.ascii	"cyisraddress\000"
 1292      72616464 
 1292      72657373 
 1292      00
 1293              	.LASF13:
 1294 01b0 75696E74 		.ascii	"uint8\000"
 1294      3800
 1295              	.LASF12:
 1296 01b6 696E7433 		.ascii	"int32_t\000"
 1296      325F7400 
 1297              	.LASF22:
 1298 01be 5F777269 		.ascii	"_write\000"
 1298      746500
 1299              	.LASF19:
 1300 01c5 73697A65 		.ascii	"sizetype\000"
 1300      74797065 
 1300      00
 1301              	.LASF8:
 1302 01ce 6C6F6E67 		.ascii	"long long int\000"
 1302      206C6F6E 
 1302      6720696E 
 1302      7400
 1303              	.LASF34:
 1304 01dc 6D61696E 		.ascii	"main.c\000"
 1304      2E6300
 1305              	.LASF17:
 1306 01e3 63686172 		.ascii	"char\000"
 1306      00
 1307              	.LASF39:
 1308 01e8 7072696E 		.ascii	"printf\000"
 1308      746600
 1309              	.LASF24:
 1310 01ef 636F756E 		.ascii	"count\000"
 1310      7400
 1311              	.LASF2:
 1312 01f5 73686F72 		.ascii	"short int\000"
 1312      7420696E 
 1312      7400
 1313              	.LASF11:
 1314 01ff 75696E74 		.ascii	"uint16_t\000"
 1314      31365F74 
 1314      00
 1315              	.LASF35:
ARM GAS  C:\Users\vedranb\AppData\Local\Temp\ccfx8qKf.s 			page 33


 1316 0208 463A5C4F 		.ascii	"F:\\OneDrive\\Metropolia\\Devices\\Workspaces\\Work"
 1316      6E654472 
 1316      6976655C 
 1316      4D657472 
 1316      6F706F6C 
 1317 0236 73706163 		.ascii	"space 1\\Zumo4\\Zumo01\\ZumoBot.cydsn\000"
 1317      6520315C 
 1317      5A756D6F 
 1317      345C5A75 
 1317      6D6F3031 
 1318              	.LASF20:
 1319 0259 6C6F6E67 		.ascii	"long double\000"
 1319      20646F75 
 1319      626C6500 
 1320              	.LASF0:
 1321 0265 7369676E 		.ascii	"signed char\000"
 1321      65642063 
 1321      68617200 
 1322              	.LASF31:
 1323 0271 43794465 		.ascii	"CyDelay\000"
 1323      6C617900 
 1324              	.LASF40:
 1325 0279 55415254 		.ascii	"UART_1_GetChar\000"
 1325      5F315F47 
 1325      65744368 
 1325      617200
 1326              	.LASF25:
 1327 0288 55415254 		.ascii	"UART_1_Start\000"
 1327      5F315F53 
 1327      74617274 
 1327      00
 1328              		.ident	"GCC: (GNU Tools for ARM Embedded Processors) 4.9.3 20150303 (release) [ARM/embedded-4_9-br
