--------------- Rebuild Started: 11/07/2017 19:06:26 Project: ZumoBot, Configuration: ARM GCC 4.9-2015-q1-update Debug ---------------
Deleting file ".\CortexM3\ARM_GCC_493\Debug\main.o"
Deleting file ".\CortexM3\ARM_GCC_493\Debug\Accel.o"
Deleting file ".\CortexM3\ARM_GCC_493\Debug\Ambient.o"
Deleting file ".\CortexM3\ARM_GCC_493\Debug\Gyro.o"
Deleting file ".\CortexM3\ARM_GCC_493\Debug\I2C_made.o"
Deleting file ".\CortexM3\ARM_GCC_493\Debug\IR.o"
Deleting file ".\CortexM3\ARM_GCC_493\Debug\Magnet.o"
Deleting file ".\CortexM3\ARM_GCC_493\Debug\Motor.o"
Deleting file ".\CortexM3\ARM_GCC_493\Debug\Nunchuk.o"
Deleting file ".\CortexM3\ARM_GCC_493\Debug\Reflectance.o"
Deleting file ".\CortexM3\ARM_GCC_493\Debug\Ultra.o"
Deleting file ".\CortexM3\ARM_GCC_493\Debug\Beep.o"
Deleting file ".\CortexM3\ARM_GCC_493\Debug\cyfitter_cfg.o"
Deleting file ".\CortexM3\ARM_GCC_493\Debug\cymetadata.o"
Deleting file ".\CortexM3\ARM_GCC_493\Debug\PWM.o"
Deleting file ".\CortexM3\ARM_GCC_493\Debug\PWM_PM.o"
Deleting file ".\CortexM3\ARM_GCC_493\Debug\Clock_1.o"
Deleting file ".\CortexM3\ARM_GCC_493\Debug\SDA_1.o"
Deleting file ".\CortexM3\ARM_GCC_493\Debug\SCL_1.o"
Deleting file ".\CortexM3\ARM_GCC_493\Debug\I2C.o"
Deleting file ".\CortexM3\ARM_GCC_493\Debug\I2C_BOOT.o"
Deleting file ".\CortexM3\ARM_GCC_493\Debug\I2C_INT.o"
Deleting file ".\CortexM3\ARM_GCC_493\Debug\I2C_PM.o"
Deleting file ".\CortexM3\ARM_GCC_493\Debug\I2C_SLAVE.o"
Deleting file ".\CortexM3\ARM_GCC_493\Debug\I2C_MASTER.o"
Deleting file ".\CortexM3\ARM_GCC_493\Debug\Cm3Start.o"
Deleting file ".\CortexM3\ARM_GCC_493\Debug\CyBootAsmGnu.o"
Deleting file ".\CortexM3\ARM_GCC_493\Debug\CyDmac.o"
Deleting file ".\CortexM3\ARM_GCC_493\Debug\CyFlash.o"
Deleting file ".\CortexM3\ARM_GCC_493\Debug\CyLib.o"
Deleting file ".\CortexM3\ARM_GCC_493\Debug\cyPm.o"
Deleting file ".\CortexM3\ARM_GCC_493\Debug\CySpc.o"
Deleting file ".\CortexM3\ARM_GCC_493\Debug\cyutils.o"
Deleting file ".\CortexM3\ARM_GCC_493\Debug\MotorPwmLeft.o"
Deleting file ".\CortexM3\ARM_GCC_493\Debug\MotorPwmRight.o"
Deleting file ".\CortexM3\ARM_GCC_493\Debug\MotorDirLeft.o"
Deleting file ".\CortexM3\ARM_GCC_493\Debug\MotorDirRight.o"
Deleting file ".\CortexM3\ARM_GCC_493\Debug\Timer_1.o"
Deleting file ".\CortexM3\ARM_GCC_493\Debug\Timer_1_PM.o"
Deleting file ".\CortexM3\ARM_GCC_493\Debug\IR_led.o"
Deleting file ".\CortexM3\ARM_GCC_493\Debug\sensor_isr.o"
Deleting file ".\CortexM3\ARM_GCC_493\Debug\UART_1.o"
Deleting file ".\CortexM3\ARM_GCC_493\Debug\UART_1_PM.o"
Deleting file ".\CortexM3\ARM_GCC_493\Debug\UART_1_INT.o"
Deleting file ".\CortexM3\ARM_GCC_493\Debug\UART_1_BOOT.o"
Deleting file ".\CortexM3\ARM_GCC_493\Debug\Battery_pin.o"
Deleting file ".\CortexM3\ARM_GCC_493\Debug\ADC_Battery.o"
Deleting file ".\CortexM3\ARM_GCC_493\Debug\ADC_Battery_INT.o"
Deleting file ".\CortexM3\ARM_GCC_493\Debug\ADC_Battery_PM.o"
Deleting file ".\CortexM3\ARM_GCC_493\Debug\BatteryLed.o"
Deleting file ".\CortexM3\ARM_GCC_493\Debug\IR_receiver.o"
Deleting file ".\CortexM3\ARM_GCC_493\Debug\Trig.o"
Deleting file ".\CortexM3\ARM_GCC_493\Debug\timer_clock_4.o"
Deleting file ".\CortexM3\ARM_GCC_493\Debug\Timer.o"
Deleting file ".\CortexM3\ARM_GCC_493\Debug\Timer_PM.o"
Deleting file ".\CortexM3\ARM_GCC_493\Debug\Echo.o"
Deleting file ".\CortexM3\ARM_GCC_493\Debug\ultra_isr.o"
Deleting file ".\CortexM3\ARM_GCC_493\Debug\UART_1_IntClock.o"
Deleting file ".\CortexM3\ARM_GCC_493\Debug\ADC_Battery_IRQ.o"
Deleting file ".\CortexM3\ARM_GCC_493\Debug\ADC_Battery_theACLK.o"
Deleting file ".\CortexM3\ARM_GCC_493\Debug\ADC_Battery_Bypass.o"
Deleting file ".\CortexM3\ARM_GCC_493\Debug\Buzzer.o"
Deleting file ".\CortexM3\ARM_GCC_493\Debug\Buzzer_PWM.o"
Deleting file ".\CortexM3\ARM_GCC_493\Debug\Buzzer_PWM_PM.o"
Deleting file ".\CortexM3\ARM_GCC_493\Debug\Clock_2.o"
Deleting file ".\CortexM3\ARM_GCC_493\Debug\timer_clock_5.o"
Deleting file ".\CortexM3\ARM_GCC_493\Debug\L3.o"
Deleting file ".\CortexM3\ARM_GCC_493\Debug\Timer_L3.o"
Deleting file ".\CortexM3\ARM_GCC_493\Debug\Timer_L3_PM.o"
Deleting file ".\CortexM3\ARM_GCC_493\Debug\Timer_R3.o"
Deleting file ".\CortexM3\ARM_GCC_493\Debug\Timer_R3_PM.o"
Deleting file ".\CortexM3\ARM_GCC_493\Debug\Timer_R1.o"
Deleting file ".\CortexM3\ARM_GCC_493\Debug\Timer_R1_PM.o"
Deleting file ".\CortexM3\ARM_GCC_493\Debug\R1.o"
Deleting file ".\CortexM3\ARM_GCC_493\Debug\R3.o"
Deleting file ".\CortexM3\ARM_GCC_493\Debug\Timer_L1.o"
Deleting file ".\CortexM3\ARM_GCC_493\Debug\Timer_L1_PM.o"
Deleting file ".\CortexM3\ARM_GCC_493\Debug\L1.o"
Deleting file ".\CortexM3\ARM_GCC_493\Debug\SW1.o"
Deleting file ".\CortexM3\ARM_GCC_493\Debug\ZumoBot.hex"
Deleting file ".\CortexM3\ARM_GCC_493\Debug\ZumoBot.elf"
Deleting file ".\CortexM3\ARM_GCC_493\Debug\ZumoBot.map"
Deleting file ".\ZumoBot.cycdx"
Deleting file ".\ZumoBot.svd"
Deleting file ".\ZumoBot.rpt"
Deleting file ".\ZumoBot_timing.html"
Deleting file ".\CortexM3\ARM_GCC_493\Debug\.deps\SOURCE_C__ARM_GCC_GENERIC.P"
Deleting file ".\CortexM3\ARM_GCC_493\Debug\.deps\SOURCE_ASM__ARM_GCC_GENERIC.P"
cydsfit.exe -.appdatapath "C:\Users\vedranb\AppData\Local\Cypress Semiconductor\PSoC Creator\4.0" -.fdsnotice -.fdswarpdepfile=warp_dependencies.txt -.fdselabdepfile=elab_dependencies.txt -.fdsbldfile=generated_files.txt -.fdsreffile=referenced_files.txt -p "F:\OneDrive\Metropolia\Devices\Workspaces\Workspace 1\Zumo4\Zumo01\ZumoBot.cydsn\ZumoBot.cyprj" -d CY8C5888LTI-LP097 -s "F:\OneDrive\Metropolia\Devices\Workspaces\Workspace 1\Zumo4\Zumo01\ZumoBot.cydsn\Generated_Source\PSoC5" -- -yv2 -q10 -ygs -o2 -v3 -.fftcfgtype=LE
Elaborating Design...
HDL Generation...
Synthesis...
Tech Mapping...
Analog Placement...
Analog Routing...
Analog Code Generation...
Digital Placement...
Digital Routing...
Bitstream Generation...
Bitstream Verification...
Static timing analysis...
API Generation...
Dependency Generation...
Cleanup...
arm-none-eabi-gcc.exe -mcpu=cortex-m3 -mthumb -I.\ZumoLibrary -I. -IGenerated_Source\PSoC5 -Wa,-alh=.\CortexM3\ARM_GCC_493\Debug/main.lst -g -D DEBUG -Wall -ffunction-sections -Og -ffat-lto-objects -c main.c -o .\CortexM3\ARM_GCC_493\Debug\main.o
arm-none-eabi-gcc.exe -mcpu=cortex-m3 -mthumb -I.\ZumoLibrary -I. -IGenerated_Source\PSoC5 -Wa,-alh=.\CortexM3\ARM_GCC_493\Debug/Accel.lst -g -D DEBUG -Wall -ffunction-sections -Og -ffat-lto-objects -c ZumoLibrary\Accel.c -o .\CortexM3\ARM_GCC_493\Debug\Accel.o
arm-none-eabi-gcc.exe -mcpu=cortex-m3 -mthumb -I.\ZumoLibrary -I. -IGenerated_Source\PSoC5 -Wa,-alh=.\CortexM3\ARM_GCC_493\Debug/Ambient.lst -g -D DEBUG -Wall -ffunction-sections -Og -ffat-lto-objects -c ZumoLibrary\Ambient.c -o .\CortexM3\ARM_GCC_493\Debug\Ambient.o
arm-none-eabi-gcc.exe -mcpu=cortex-m3 -mthumb -I.\ZumoLibrary -I. -IGenerated_Source\PSoC5 -Wa,-alh=.\CortexM3\ARM_GCC_493\Debug/Gyro.lst -g -D DEBUG -Wall -ffunction-sections -Og -ffat-lto-objects -c ZumoLibrary\Gyro.c -o .\CortexM3\ARM_GCC_493\Debug\Gyro.o
arm-none-eabi-gcc.exe -mcpu=cortex-m3 -mthumb -I.\ZumoLibrary -I. -IGenerated_Source\PSoC5 -Wa,-alh=.\CortexM3\ARM_GCC_493\Debug/I2C_made.lst -g -D DEBUG -Wall -ffunction-sections -Og -ffat-lto-objects -c ZumoLibrary\I2C_made.c -o .\CortexM3\ARM_GCC_493\Debug\I2C_made.o
arm-none-eabi-gcc.exe -mcpu=cortex-m3 -mthumb -I.\ZumoLibrary -I. -IGenerated_Source\PSoC5 -Wa,-alh=.\CortexM3\ARM_GCC_493\Debug/IR.lst -g -D DEBUG -Wall -ffunction-sections -Og -ffat-lto-objects -c ZumoLibrary\IR.c -o .\CortexM3\ARM_GCC_493\Debug\IR.o
arm-none-eabi-gcc.exe -mcpu=cortex-m3 -mthumb -I.\ZumoLibrary -I. -IGenerated_Source\PSoC5 -Wa,-alh=.\CortexM3\ARM_GCC_493\Debug/Magnet.lst -g -D DEBUG -Wall -ffunction-sections -Og -ffat-lto-objects -c ZumoLibrary\Magnet.c -o .\CortexM3\ARM_GCC_493\Debug\Magnet.o
arm-none-eabi-gcc.exe -mcpu=cortex-m3 -mthumb -I.\ZumoLibrary -I. -IGenerated_Source\PSoC5 -Wa,-alh=.\CortexM3\ARM_GCC_493\Debug/Motor.lst -g -D DEBUG -Wall -ffunction-sections -Og -ffat-lto-objects -c ZumoLibrary\Motor.c -o .\CortexM3\ARM_GCC_493\Debug\Motor.o
arm-none-eabi-gcc.exe -mcpu=cortex-m3 -mthumb -I.\ZumoLibrary -I. -IGenerated_Source\PSoC5 -Wa,-alh=.\CortexM3\ARM_GCC_493\Debug/Nunchuk.lst -g -D DEBUG -Wall -ffunction-sections -Og -ffat-lto-objects -c ZumoLibrary\Nunchuk.c -o .\CortexM3\ARM_GCC_493\Debug\Nunchuk.o
arm-none-eabi-gcc.exe -mcpu=cortex-m3 -mthumb -I.\ZumoLibrary -I. -IGenerated_Source\PSoC5 -Wa,-alh=.\CortexM3\ARM_GCC_493\Debug/Reflectance.lst -g -D DEBUG -Wall -ffunction-sections -Og -ffat-lto-objects -c ZumoLibrary\Reflectance.c -o .\CortexM3\ARM_GCC_493\Debug\Reflectance.o
arm-none-eabi-gcc.exe -mcpu=cortex-m3 -mthumb -I.\ZumoLibrary -I. -IGenerated_Source\PSoC5 -Wa,-alh=.\CortexM3\ARM_GCC_493\Debug/Ultra.lst -g -D DEBUG -Wall -ffunction-sections -Og -ffat-lto-objects -c ZumoLibrary\Ultra.c -o .\CortexM3\ARM_GCC_493\Debug\Ultra.o
arm-none-eabi-gcc.exe -mcpu=cortex-m3 -mthumb -I.\ZumoLibrary -I. -IGenerated_Source\PSoC5 -Wa,-alh=.\CortexM3\ARM_GCC_493\Debug/Beep.lst -g -D DEBUG -Wall -ffunction-sections -Og -ffat-lto-objects -c ZumoLibrary\Beep.c -o .\CortexM3\ARM_GCC_493\Debug\Beep.o
arm-none-eabi-gcc.exe -mcpu=cortex-m3 -mthumb -I.\ZumoLibrary -I. -IGenerated_Source\PSoC5 -Wa,-alh=.\CortexM3\ARM_GCC_493\Debug/music.lst -g -D DEBUG -Wall -ffunction-sections -Og -ffat-lto-objects -c music.c -o .\CortexM3\ARM_GCC_493\Debug\music.o
arm-none-eabi-gcc.exe -mcpu=cortex-m3 -mthumb -I.\ZumoLibrary -I. -IGenerated_Source\PSoC5 -Wa,-alh=.\CortexM3\ARM_GCC_493\Debug/cyfitter_cfg.lst -g -D DEBUG -Wall -ffunction-sections -Og -ffat-lto-objects -c Generated_Source\PSoC5\cyfitter_cfg.c -o .\CortexM3\ARM_GCC_493\Debug\cyfitter_cfg.o
arm-none-eabi-gcc.exe -mcpu=cortex-m3 -mthumb -I.\ZumoLibrary -I. -IGenerated_Source\PSoC5 -Wa,-alh=.\CortexM3\ARM_GCC_493\Debug/cymetadata.lst -g -D DEBUG -Wall -ffunction-sections -Og -ffat-lto-objects -c Generated_Source\PSoC5\cymetadata.c -o .\CortexM3\ARM_GCC_493\Debug\cymetadata.o
arm-none-eabi-gcc.exe -mcpu=cortex-m3 -mthumb -I.\ZumoLibrary -I. -IGenerated_Source\PSoC5 -Wa,-alh=.\CortexM3\ARM_GCC_493\Debug/PWM.lst -g -D DEBUG -Wall -ffunction-sections -Og -ffat-lto-objects -c Generated_Source\PSoC5\PWM.c -o .\CortexM3\ARM_GCC_493\Debug\PWM.o
arm-none-eabi-gcc.exe -mcpu=cortex-m3 -mthumb -I.\ZumoLibrary -I. -IGenerated_Source\PSoC5 -Wa,-alh=.\CortexM3\ARM_GCC_493\Debug/PWM_PM.lst -g -D DEBUG -Wall -ffunction-sections -Og -ffat-lto-objects -c Generated_Source\PSoC5\PWM_PM.c -o .\CortexM3\ARM_GCC_493\Debug\PWM_PM.o
arm-none-eabi-gcc.exe -mcpu=cortex-m3 -mthumb -I.\ZumoLibrary -I. -IGenerated_Source\PSoC5 -Wa,-alh=.\CortexM3\ARM_GCC_493\Debug/Clock_1.lst -g -D DEBUG -Wall -ffunction-sections -Og -ffat-lto-objects -c Generated_Source\PSoC5\Clock_1.c -o .\CortexM3\ARM_GCC_493\Debug\Clock_1.o
arm-none-eabi-gcc.exe -mcpu=cortex-m3 -mthumb -I.\ZumoLibrary -I. -IGenerated_Source\PSoC5 -Wa,-alh=.\CortexM3\ARM_GCC_493\Debug/SDA_1.lst -g -D DEBUG -Wall -ffunction-sections -Og -ffat-lto-objects -c Generated_Source\PSoC5\SDA_1.c -o .\CortexM3\ARM_GCC_493\Debug\SDA_1.o
arm-none-eabi-gcc.exe -mcpu=cortex-m3 -mthumb -I.\ZumoLibrary -I. -IGenerated_Source\PSoC5 -Wa,-alh=.\CortexM3\ARM_GCC_493\Debug/SCL_1.lst -g -D DEBUG -Wall -ffunction-sections -Og -ffat-lto-objects -c Generated_Source\PSoC5\SCL_1.c -o .\CortexM3\ARM_GCC_493\Debug\SCL_1.o
arm-none-eabi-gcc.exe -mcpu=cortex-m3 -mthumb -I.\ZumoLibrary -I. -IGenerated_Source\PSoC5 -Wa,-alh=.\CortexM3\ARM_GCC_493\Debug/I2C.lst -g -D DEBUG -Wall -ffunction-sections -Og -ffat-lto-objects -c Generated_Source\PSoC5\I2C.c -o .\CortexM3\ARM_GCC_493\Debug\I2C.o
arm-none-eabi-gcc.exe -mcpu=cortex-m3 -mthumb -I.\ZumoLibrary -I. -IGenerated_Source\PSoC5 -Wa,-alh=.\CortexM3\ARM_GCC_493\Debug/I2C_BOOT.lst -g -D DEBUG -Wall -ffunction-sections -Og -ffat-lto-objects -c Generated_Source\PSoC5\I2C_BOOT.c -o .\CortexM3\ARM_GCC_493\Debug\I2C_BOOT.o
arm-none-eabi-gcc.exe -mcpu=cortex-m3 -mthumb -I.\ZumoLibrary -I. -IGenerated_Source\PSoC5 -Wa,-alh=.\CortexM3\ARM_GCC_493\Debug/I2C_INT.lst -g -D DEBUG -Wall -ffunction-sections -Og -ffat-lto-objects -c Generated_Source\PSoC5\I2C_INT.c -o .\CortexM3\ARM_GCC_493\Debug\I2C_INT.o
arm-none-eabi-gcc.exe -mcpu=cortex-m3 -mthumb -I.\ZumoLibrary -I. -IGenerated_Source\PSoC5 -Wa,-alh=.\CortexM3\ARM_GCC_493\Debug/I2C_PM.lst -g -D DEBUG -Wall -ffunction-sections -Og -ffat-lto-objects -c Generated_Source\PSoC5\I2C_PM.c -o .\CortexM3\ARM_GCC_493\Debug\I2C_PM.o
arm-none-eabi-gcc.exe -mcpu=cortex-m3 -mthumb -I.\ZumoLibrary -I. -IGenerated_Source\PSoC5 -Wa,-alh=.\CortexM3\ARM_GCC_493\Debug/I2C_SLAVE.lst -g -D DEBUG -Wall -ffunction-sections -Og -ffat-lto-objects -c Generated_Source\PSoC5\I2C_SLAVE.c -o .\CortexM3\ARM_GCC_493\Debug\I2C_SLAVE.o
arm-none-eabi-gcc.exe -mcpu=cortex-m3 -mthumb -I.\ZumoLibrary -I. -IGenerated_Source\PSoC5 -Wa,-alh=.\CortexM3\ARM_GCC_493\Debug/I2C_MASTER.lst -g -D DEBUG -Wall -ffunction-sections -Og -ffat-lto-objects -c Generated_Source\PSoC5\I2C_MASTER.c -o .\CortexM3\ARM_GCC_493\Debug\I2C_MASTER.o
arm-none-eabi-gcc.exe -mcpu=cortex-m3 -mthumb -I.\ZumoLibrary -I. -IGenerated_Source\PSoC5 -Wa,-alh=.\CortexM3\ARM_GCC_493\Debug/Cm3Start.lst -g -D DEBUG -Wall -ffunction-sections -Og -ffat-lto-objects -c Generated_Source\PSoC5\Cm3Start.c -o .\CortexM3\ARM_GCC_493\Debug\Cm3Start.o
arm-none-eabi-gcc.exe -mcpu=cortex-m3 -mthumb -I.\ZumoLibrary -I. -IGenerated_Source\PSoC5 -Wa,-alh=.\CortexM3\ARM_GCC_493\Debug/CyDmac.lst -g -D DEBUG -Wall -ffunction-sections -Og -ffat-lto-objects -c Generated_Source\PSoC5\CyDmac.c -o .\CortexM3\ARM_GCC_493\Debug\CyDmac.o
arm-none-eabi-gcc.exe -mcpu=cortex-m3 -mthumb -I.\ZumoLibrary -I. -IGenerated_Source\PSoC5 -Wa,-alh=.\CortexM3\ARM_GCC_493\Debug/CyFlash.lst -g -D DEBUG -Wall -ffunction-sections -Og -ffat-lto-objects -c Generated_Source\PSoC5\CyFlash.c -o .\CortexM3\ARM_GCC_493\Debug\CyFlash.o
arm-none-eabi-gcc.exe -mcpu=cortex-m3 -mthumb -I.\ZumoLibrary -I. -IGenerated_Source\PSoC5 -Wa,-alh=.\CortexM3\ARM_GCC_493\Debug/CyLib.lst -g -D DEBUG -Wall -ffunction-sections -Og -ffat-lto-objects -c Generated_Source\PSoC5\CyLib.c -o .\CortexM3\ARM_GCC_493\Debug\CyLib.o
arm-none-eabi-gcc.exe -mcpu=cortex-m3 -mthumb -I.\ZumoLibrary -I. -IGenerated_Source\PSoC5 -Wa,-alh=.\CortexM3\ARM_GCC_493\Debug/cyPm.lst -g -D DEBUG -Wall -ffunction-sections -Og -ffat-lto-objects -c Generated_Source\PSoC5\cyPm.c -o .\CortexM3\ARM_GCC_493\Debug\cyPm.o
arm-none-eabi-gcc.exe -mcpu=cortex-m3 -mthumb -I.\ZumoLibrary -I. -IGenerated_Source\PSoC5 -Wa,-alh=.\CortexM3\ARM_GCC_493\Debug/CySpc.lst -g -D DEBUG -Wall -ffunction-sections -Og -ffat-lto-objects -c Generated_Source\PSoC5\CySpc.c -o .\CortexM3\ARM_GCC_493\Debug\CySpc.o
arm-none-eabi-gcc.exe -mcpu=cortex-m3 -mthumb -I.\ZumoLibrary -I. -IGenerated_Source\PSoC5 -Wa,-alh=.\CortexM3\ARM_GCC_493\Debug/cyutils.lst -g -D DEBUG -Wall -ffunction-sections -Og -ffat-lto-objects -c Generated_Source\PSoC5\cyutils.c -o .\CortexM3\ARM_GCC_493\Debug\cyutils.o
arm-none-eabi-gcc.exe -mcpu=cortex-m3 -mthumb -I.\ZumoLibrary -I. -IGenerated_Source\PSoC5 -Wa,-alh=.\CortexM3\ARM_GCC_493\Debug/MotorPwmLeft.lst -g -D DEBUG -Wall -ffunction-sections -Og -ffat-lto-objects -c Generated_Source\PSoC5\MotorPwmLeft.c -o .\CortexM3\ARM_GCC_493\Debug\MotorPwmLeft.o
arm-none-eabi-gcc.exe -mcpu=cortex-m3 -mthumb -I.\ZumoLibrary -I. -IGenerated_Source\PSoC5 -Wa,-alh=.\CortexM3\ARM_GCC_493\Debug/MotorPwmRight.lst -g -D DEBUG -Wall -ffunction-sections -Og -ffat-lto-objects -c Generated_Source\PSoC5\MotorPwmRight.c -o .\CortexM3\ARM_GCC_493\Debug\MotorPwmRight.o
arm-none-eabi-gcc.exe -mcpu=cortex-m3 -mthumb -I.\ZumoLibrary -I. -IGenerated_Source\PSoC5 -Wa,-alh=.\CortexM3\ARM_GCC_493\Debug/MotorDirLeft.lst -g -D DEBUG -Wall -ffunction-sections -Og -ffat-lto-objects -c Generated_Source\PSoC5\MotorDirLeft.c -o .\CortexM3\ARM_GCC_493\Debug\MotorDirLeft.o
arm-none-eabi-gcc.exe -mcpu=cortex-m3 -mthumb -I.\ZumoLibrary -I. -IGenerated_Source\PSoC5 -Wa,-alh=.\CortexM3\ARM_GCC_493\Debug/MotorDirRight.lst -g -D DEBUG -Wall -ffunction-sections -Og -ffat-lto-objects -c Generated_Source\PSoC5\MotorDirRight.c -o .\CortexM3\ARM_GCC_493\Debug\MotorDirRight.o
arm-none-eabi-gcc.exe -mcpu=cortex-m3 -mthumb -I.\ZumoLibrary -I. -IGenerated_Source\PSoC5 -Wa,-alh=.\CortexM3\ARM_GCC_493\Debug/Timer_1.lst -g -D DEBUG -Wall -ffunction-sections -Og -ffat-lto-objects -c Generated_Source\PSoC5\Timer_1.c -o .\CortexM3\ARM_GCC_493\Debug\Timer_1.o
arm-none-eabi-gcc.exe -mcpu=cortex-m3 -mthumb -I.\ZumoLibrary -I. -IGenerated_Source\PSoC5 -Wa,-alh=.\CortexM3\ARM_GCC_493\Debug/Timer_1_PM.lst -g -D DEBUG -Wall -ffunction-sections -Og -ffat-lto-objects -c Generated_Source\PSoC5\Timer_1_PM.c -o .\CortexM3\ARM_GCC_493\Debug\Timer_1_PM.o
arm-none-eabi-gcc.exe -mcpu=cortex-m3 -mthumb -I.\ZumoLibrary -I. -IGenerated_Source\PSoC5 -Wa,-alh=.\CortexM3\ARM_GCC_493\Debug/IR_led.lst -g -D DEBUG -Wall -ffunction-sections -Og -ffat-lto-objects -c Generated_Source\PSoC5\IR_led.c -o .\CortexM3\ARM_GCC_493\Debug\IR_led.o
arm-none-eabi-gcc.exe -mcpu=cortex-m3 -mthumb -I.\ZumoLibrary -I. -IGenerated_Source\PSoC5 -Wa,-alh=.\CortexM3\ARM_GCC_493\Debug/sensor_isr.lst -g -D DEBUG -Wall -ffunction-sections -Og -ffat-lto-objects -c Generated_Source\PSoC5\sensor_isr.c -o .\CortexM3\ARM_GCC_493\Debug\sensor_isr.o
arm-none-eabi-gcc.exe -mcpu=cortex-m3 -mthumb -I.\ZumoLibrary -I. -IGenerated_Source\PSoC5 -Wa,-alh=.\CortexM3\ARM_GCC_493\Debug/UART_1.lst -g -D DEBUG -Wall -ffunction-sections -Og -ffat-lto-objects -c Generated_Source\PSoC5\UART_1.c -o .\CortexM3\ARM_GCC_493\Debug\UART_1.o
arm-none-eabi-gcc.exe -mcpu=cortex-m3 -mthumb -I.\ZumoLibrary -I. -IGenerated_Source\PSoC5 -Wa,-alh=.\CortexM3\ARM_GCC_493\Debug/UART_1_PM.lst -g -D DEBUG -Wall -ffunction-sections -Og -ffat-lto-objects -c Generated_Source\PSoC5\UART_1_PM.c -o .\CortexM3\ARM_GCC_493\Debug\UART_1_PM.o
arm-none-eabi-gcc.exe -mcpu=cortex-m3 -mthumb -I.\ZumoLibrary -I. -IGenerated_Source\PSoC5 -Wa,-alh=.\CortexM3\ARM_GCC_493\Debug/UART_1_INT.lst -g -D DEBUG -Wall -ffunction-sections -Og -ffat-lto-objects -c Generated_Source\PSoC5\UART_1_INT.c -o .\CortexM3\ARM_GCC_493\Debug\UART_1_INT.o
arm-none-eabi-gcc.exe -mcpu=cortex-m3 -mthumb -I.\ZumoLibrary -I. -IGenerated_Source\PSoC5 -Wa,-alh=.\CortexM3\ARM_GCC_493\Debug/UART_1_BOOT.lst -g -D DEBUG -Wall -ffunction-sections -Og -ffat-lto-objects -c Generated_Source\PSoC5\UART_1_BOOT.c -o .\CortexM3\ARM_GCC_493\Debug\UART_1_BOOT.o
arm-none-eabi-gcc.exe -mcpu=cortex-m3 -mthumb -I.\ZumoLibrary -I. -IGenerated_Source\PSoC5 -Wa,-alh=.\CortexM3\ARM_GCC_493\Debug/Battery_pin.lst -g -D DEBUG -Wall -ffunction-sections -Og -ffat-lto-objects -c Generated_Source\PSoC5\Battery_pin.c -o .\CortexM3\ARM_GCC_493\Debug\Battery_pin.o
arm-none-eabi-gcc.exe -mcpu=cortex-m3 -mthumb -I.\ZumoLibrary -I. -IGenerated_Source\PSoC5 -Wa,-alh=.\CortexM3\ARM_GCC_493\Debug/ADC_Battery.lst -g -D DEBUG -Wall -ffunction-sections -Og -ffat-lto-objects -c Generated_Source\PSoC5\ADC_Battery.c -o .\CortexM3\ARM_GCC_493\Debug\ADC_Battery.o
arm-none-eabi-gcc.exe -mcpu=cortex-m3 -mthumb -I.\ZumoLibrary -I. -IGenerated_Source\PSoC5 -Wa,-alh=.\CortexM3\ARM_GCC_493\Debug/ADC_Battery_INT.lst -g -D DEBUG -Wall -ffunction-sections -Og -ffat-lto-objects -c Generated_Source\PSoC5\ADC_Battery_INT.c -o .\CortexM3\ARM_GCC_493\Debug\ADC_Battery_INT.o
arm-none-eabi-gcc.exe -mcpu=cortex-m3 -mthumb -I.\ZumoLibrary -I. -IGenerated_Source\PSoC5 -Wa,-alh=.\CortexM3\ARM_GCC_493\Debug/ADC_Battery_PM.lst -g -D DEBUG -Wall -ffunction-sections -Og -ffat-lto-objects -c Generated_Source\PSoC5\ADC_Battery_PM.c -o .\CortexM3\ARM_GCC_493\Debug\ADC_Battery_PM.o
arm-none-eabi-gcc.exe -mcpu=cortex-m3 -mthumb -I.\ZumoLibrary -I. -IGenerated_Source\PSoC5 -Wa,-alh=.\CortexM3\ARM_GCC_493\Debug/BatteryLed.lst -g -D DEBUG -Wall -ffunction-sections -Og -ffat-lto-objects -c Generated_Source\PSoC5\BatteryLed.c -o .\CortexM3\ARM_GCC_493\Debug\BatteryLed.o
arm-none-eabi-gcc.exe -mcpu=cortex-m3 -mthumb -I.\ZumoLibrary -I. -IGenerated_Source\PSoC5 -Wa,-alh=.\CortexM3\ARM_GCC_493\Debug/IR_receiver.lst -g -D DEBUG -Wall -ffunction-sections -Og -ffat-lto-objects -c Generated_Source\PSoC5\IR_receiver.c -o .\CortexM3\ARM_GCC_493\Debug\IR_receiver.o
arm-none-eabi-gcc.exe -mcpu=cortex-m3 -mthumb -I.\ZumoLibrary -I. -IGenerated_Source\PSoC5 -Wa,-alh=.\CortexM3\ARM_GCC_493\Debug/Trig.lst -g -D DEBUG -Wall -ffunction-sections -Og -ffat-lto-objects -c Generated_Source\PSoC5\Trig.c -o .\CortexM3\ARM_GCC_493\Debug\Trig.o
arm-none-eabi-gcc.exe -mcpu=cortex-m3 -mthumb -I.\ZumoLibrary -I. -IGenerated_Source\PSoC5 -Wa,-alh=.\CortexM3\ARM_GCC_493\Debug/timer_clock_4.lst -g -D DEBUG -Wall -ffunction-sections -Og -ffat-lto-objects -c Generated_Source\PSoC5\timer_clock_4.c -o .\CortexM3\ARM_GCC_493\Debug\timer_clock_4.o
arm-none-eabi-gcc.exe -mcpu=cortex-m3 -mthumb -I.\ZumoLibrary -I. -IGenerated_Source\PSoC5 -Wa,-alh=.\CortexM3\ARM_GCC_493\Debug/Timer.lst -g -D DEBUG -Wall -ffunction-sections -Og -ffat-lto-objects -c Generated_Source\PSoC5\Timer.c -o .\CortexM3\ARM_GCC_493\Debug\Timer.o
arm-none-eabi-gcc.exe -mcpu=cortex-m3 -mthumb -I.\ZumoLibrary -I. -IGenerated_Source\PSoC5 -Wa,-alh=.\CortexM3\ARM_GCC_493\Debug/Timer_PM.lst -g -D DEBUG -Wall -ffunction-sections -Og -ffat-lto-objects -c Generated_Source\PSoC5\Timer_PM.c -o .\CortexM3\ARM_GCC_493\Debug\Timer_PM.o
arm-none-eabi-gcc.exe -mcpu=cortex-m3 -mthumb -I.\ZumoLibrary -I. -IGenerated_Source\PSoC5 -Wa,-alh=.\CortexM3\ARM_GCC_493\Debug/Echo.lst -g -D DEBUG -Wall -ffunction-sections -Og -ffat-lto-objects -c Generated_Source\PSoC5\Echo.c -o .\CortexM3\ARM_GCC_493\Debug\Echo.o
arm-none-eabi-gcc.exe -mcpu=cortex-m3 -mthumb -I.\ZumoLibrary -I. -IGenerated_Source\PSoC5 -Wa,-alh=.\CortexM3\ARM_GCC_493\Debug/ultra_isr.lst -g -D DEBUG -Wall -ffunction-sections -Og -ffat-lto-objects -c Generated_Source\PSoC5\ultra_isr.c -o .\CortexM3\ARM_GCC_493\Debug\ultra_isr.o
arm-none-eabi-gcc.exe -mcpu=cortex-m3 -mthumb -I.\ZumoLibrary -I. -IGenerated_Source\PSoC5 -Wa,-alh=.\CortexM3\ARM_GCC_493\Debug/UART_1_IntClock.lst -g -D DEBUG -Wall -ffunction-sections -Og -ffat-lto-objects -c Generated_Source\PSoC5\UART_1_IntClock.c -o .\CortexM3\ARM_GCC_493\Debug\UART_1_IntClock.o
arm-none-eabi-gcc.exe -mcpu=cortex-m3 -mthumb -I.\ZumoLibrary -I. -IGenerated_Source\PSoC5 -Wa,-alh=.\CortexM3\ARM_GCC_493\Debug/ADC_Battery_IRQ.lst -g -D DEBUG -Wall -ffunction-sections -Og -ffat-lto-objects -c Generated_Source\PSoC5\ADC_Battery_IRQ.c -o .\CortexM3\ARM_GCC_493\Debug\ADC_Battery_IRQ.o
arm-none-eabi-gcc.exe -mcpu=cortex-m3 -mthumb -I.\ZumoLibrary -I. -IGenerated_Source\PSoC5 -Wa,-alh=.\CortexM3\ARM_GCC_493\Debug/ADC_Battery_theACLK.lst -g -D DEBUG -Wall -ffunction-sections -Og -ffat-lto-objects -c Generated_Source\PSoC5\ADC_Battery_theACLK.c -o .\CortexM3\ARM_GCC_493\Debug\ADC_Battery_theACLK.o
arm-none-eabi-gcc.exe -mcpu=cortex-m3 -mthumb -I.\ZumoLibrary -I. -IGenerated_Source\PSoC5 -Wa,-alh=.\CortexM3\ARM_GCC_493\Debug/ADC_Battery_Bypass.lst -g -D DEBUG -Wall -ffunction-sections -Og -ffat-lto-objects -c Generated_Source\PSoC5\ADC_Battery_Bypass.c -o .\CortexM3\ARM_GCC_493\Debug\ADC_Battery_Bypass.o
arm-none-eabi-gcc.exe -mcpu=cortex-m3 -mthumb -I.\ZumoLibrary -I. -IGenerated_Source\PSoC5 -Wa,-alh=.\CortexM3\ARM_GCC_493\Debug/Buzzer.lst -g -D DEBUG -Wall -ffunction-sections -Og -ffat-lto-objects -c Generated_Source\PSoC5\Buzzer.c -o .\CortexM3\ARM_GCC_493\Debug\Buzzer.o
arm-none-eabi-gcc.exe -mcpu=cortex-m3 -mthumb -I.\ZumoLibrary -I. -IGenerated_Source\PSoC5 -Wa,-alh=.\CortexM3\ARM_GCC_493\Debug/Buzzer_PWM.lst -g -D DEBUG -Wall -ffunction-sections -Og -ffat-lto-objects -c Generated_Source\PSoC5\Buzzer_PWM.c -o .\CortexM3\ARM_GCC_493\Debug\Buzzer_PWM.o
arm-none-eabi-gcc.exe -mcpu=cortex-m3 -mthumb -I.\ZumoLibrary -I. -IGenerated_Source\PSoC5 -Wa,-alh=.\CortexM3\ARM_GCC_493\Debug/Buzzer_PWM_PM.lst -g -D DEBUG -Wall -ffunction-sections -Og -ffat-lto-objects -c Generated_Source\PSoC5\Buzzer_PWM_PM.c -o .\CortexM3\ARM_GCC_493\Debug\Buzzer_PWM_PM.o
arm-none-eabi-gcc.exe -mcpu=cortex-m3 -mthumb -I.\ZumoLibrary -I. -IGenerated_Source\PSoC5 -Wa,-alh=.\CortexM3\ARM_GCC_493\Debug/Clock_2.lst -g -D DEBUG -Wall -ffunction-sections -Og -ffat-lto-objects -c Generated_Source\PSoC5\Clock_2.c -o .\CortexM3\ARM_GCC_493\Debug\Clock_2.o
arm-none-eabi-gcc.exe -mcpu=cortex-m3 -mthumb -I.\ZumoLibrary -I. -IGenerated_Source\PSoC5 -Wa,-alh=.\CortexM3\ARM_GCC_493\Debug/timer_clock_5.lst -g -D DEBUG -Wall -ffunction-sections -Og -ffat-lto-objects -c Generated_Source\PSoC5\timer_clock_5.c -o .\CortexM3\ARM_GCC_493\Debug\timer_clock_5.o
arm-none-eabi-gcc.exe -mcpu=cortex-m3 -mthumb -I.\ZumoLibrary -I. -IGenerated_Source\PSoC5 -Wa,-alh=.\CortexM3\ARM_GCC_493\Debug/L3.lst -g -D DEBUG -Wall -ffunction-sections -Og -ffat-lto-objects -c Generated_Source\PSoC5\L3.c -o .\CortexM3\ARM_GCC_493\Debug\L3.o
arm-none-eabi-gcc.exe -mcpu=cortex-m3 -mthumb -I.\ZumoLibrary -I. -IGenerated_Source\PSoC5 -Wa,-alh=.\CortexM3\ARM_GCC_493\Debug/Timer_L3.lst -g -D DEBUG -Wall -ffunction-sections -Og -ffat-lto-objects -c Generated_Source\PSoC5\Timer_L3.c -o .\CortexM3\ARM_GCC_493\Debug\Timer_L3.o
arm-none-eabi-gcc.exe -mcpu=cortex-m3 -mthumb -I.\ZumoLibrary -I. -IGenerated_Source\PSoC5 -Wa,-alh=.\CortexM3\ARM_GCC_493\Debug/Timer_L3_PM.lst -g -D DEBUG -Wall -ffunction-sections -Og -ffat-lto-objects -c Generated_Source\PSoC5\Timer_L3_PM.c -o .\CortexM3\ARM_GCC_493\Debug\Timer_L3_PM.o
arm-none-eabi-gcc.exe -mcpu=cortex-m3 -mthumb -I.\ZumoLibrary -I. -IGenerated_Source\PSoC5 -Wa,-alh=.\CortexM3\ARM_GCC_493\Debug/Timer_R3.lst -g -D DEBUG -Wall -ffunction-sections -Og -ffat-lto-objects -c Generated_Source\PSoC5\Timer_R3.c -o .\CortexM3\ARM_GCC_493\Debug\Timer_R3.o
arm-none-eabi-gcc.exe -mcpu=cortex-m3 -mthumb -I.\ZumoLibrary -I. -IGenerated_Source\PSoC5 -Wa,-alh=.\CortexM3\ARM_GCC_493\Debug/Timer_R3_PM.lst -g -D DEBUG -Wall -ffunction-sections -Og -ffat-lto-objects -c Generated_Source\PSoC5\Timer_R3_PM.c -o .\CortexM3\ARM_GCC_493\Debug\Timer_R3_PM.o
arm-none-eabi-gcc.exe -mcpu=cortex-m3 -mthumb -I.\ZumoLibrary -I. -IGenerated_Source\PSoC5 -Wa,-alh=.\CortexM3\ARM_GCC_493\Debug/Timer_R1.lst -g -D DEBUG -Wall -ffunction-sections -Og -ffat-lto-objects -c Generated_Source\PSoC5\Timer_R1.c -o .\CortexM3\ARM_GCC_493\Debug\Timer_R1.o
arm-none-eabi-gcc.exe -mcpu=cortex-m3 -mthumb -I.\ZumoLibrary -I. -IGenerated_Source\PSoC5 -Wa,-alh=.\CortexM3\ARM_GCC_493\Debug/Timer_R1_PM.lst -g -D DEBUG -Wall -ffunction-sections -Og -ffat-lto-objects -c Generated_Source\PSoC5\Timer_R1_PM.c -o .\CortexM3\ARM_GCC_493\Debug\Timer_R1_PM.o
arm-none-eabi-gcc.exe -mcpu=cortex-m3 -mthumb -I.\ZumoLibrary -I. -IGenerated_Source\PSoC5 -Wa,-alh=.\CortexM3\ARM_GCC_493\Debug/R1.lst -g -D DEBUG -Wall -ffunction-sections -Og -ffat-lto-objects -c Generated_Source\PSoC5\R1.c -o .\CortexM3\ARM_GCC_493\Debug\R1.o
arm-none-eabi-gcc.exe -mcpu=cortex-m3 -mthumb -I.\ZumoLibrary -I. -IGenerated_Source\PSoC5 -Wa,-alh=.\CortexM3\ARM_GCC_493\Debug/R3.lst -g -D DEBUG -Wall -ffunction-sections -Og -ffat-lto-objects -c Generated_Source\PSoC5\R3.c -o .\CortexM3\ARM_GCC_493\Debug\R3.o
arm-none-eabi-gcc.exe -mcpu=cortex-m3 -mthumb -I.\ZumoLibrary -I. -IGenerated_Source\PSoC5 -Wa,-alh=.\CortexM3\ARM_GCC_493\Debug/Timer_L1.lst -g -D DEBUG -Wall -ffunction-sections -Og -ffat-lto-objects -c Generated_Source\PSoC5\Timer_L1.c -o .\CortexM3\ARM_GCC_493\Debug\Timer_L1.o
arm-none-eabi-gcc.exe -mcpu=cortex-m3 -mthumb -I.\ZumoLibrary -I. -IGenerated_Source\PSoC5 -Wa,-alh=.\CortexM3\ARM_GCC_493\Debug/Timer_L1_PM.lst -g -D DEBUG -Wall -ffunction-sections -Og -ffat-lto-objects -c Generated_Source\PSoC5\Timer_L1_PM.c -o .\CortexM3\ARM_GCC_493\Debug\Timer_L1_PM.o
arm-none-eabi-gcc.exe -mcpu=cortex-m3 -mthumb -I.\ZumoLibrary -I. -IGenerated_Source\PSoC5 -Wa,-alh=.\CortexM3\ARM_GCC_493\Debug/L1.lst -g -D DEBUG -Wall -ffunction-sections -Og -ffat-lto-objects -c Generated_Source\PSoC5\L1.c -o .\CortexM3\ARM_GCC_493\Debug\L1.o
arm-none-eabi-gcc.exe -mcpu=cortex-m3 -mthumb -I.\ZumoLibrary -I. -IGenerated_Source\PSoC5 -Wa,-alh=.\CortexM3\ARM_GCC_493\Debug/SW1.lst -g -D DEBUG -Wall -ffunction-sections -Og -ffat-lto-objects -c Generated_Source\PSoC5\SW1.c -o .\CortexM3\ARM_GCC_493\Debug\SW1.o
arm-none-eabi-as.exe -mcpu=cortex-m3 -mthumb -I. -IGenerated_Source\PSoC5 -alh=.\CortexM3\ARM_GCC_493\Debug/CyBootAsmGnu.lst -g -W -o .\CortexM3\ARM_GCC_493\Debug\CyBootAsmGnu.o Generated_Source\PSoC5\CyBootAsmGnu.s
arm-none-eabi-ar.exe -rs .\CortexM3\ARM_GCC_493\Debug\ZumoBot.a .\CortexM3\ARM_GCC_493\Debug\cyfitter_cfg.o .\CortexM3\ARM_GCC_493\Debug\PWM.o .\CortexM3\ARM_GCC_493\Debug\PWM_PM.o .\CortexM3\ARM_GCC_493\Debug\Clock_1.o .\CortexM3\ARM_GCC_493\Debug\SDA_1.o .\CortexM3\ARM_GCC_493\Debug\SCL_1.o .\CortexM3\ARM_GCC_493\Debug\I2C.o .\CortexM3\ARM_GCC_493\Debug\I2C_BOOT.o .\CortexM3\ARM_GCC_493\Debug\I2C_INT.o .\CortexM3\ARM_GCC_493\Debug\I2C_PM.o .\CortexM3\ARM_GCC_493\Debug\I2C_SLAVE.o .\CortexM3\ARM_GCC_493\Debug\I2C_MASTER.o .\CortexM3\ARM_GCC_493\Debug\CyDmac.o .\CortexM3\ARM_GCC_493\Debug\CyFlash.o .\CortexM3\ARM_GCC_493\Debug\CyLib.o .\CortexM3\ARM_GCC_493\Debug\cyPm.o .\CortexM3\ARM_GCC_493\Debug\CySpc.o .\CortexM3\ARM_GCC_493\Debug\cyutils.o .\CortexM3\ARM_GCC_493\Debug\MotorPwmLeft.o .\CortexM3\ARM_GCC_493\Debug\MotorPwmRight.o .\CortexM3\ARM_GCC_493\Debug\MotorDirLeft.o .\CortexM3\ARM_GCC_493\Debug\MotorDirRight.o .\CortexM3\ARM_GCC_493\Debug\Timer_1.o .\CortexM3\ARM_GCC_493\Debug\Timer_1_PM.o .\CortexM3\ARM_GCC_493\Debug\IR_led.o .\CortexM3\ARM_GCC_493\Debug\sensor_isr.o .\CortexM3\ARM_GCC_493\Debug\UART_1.o .\CortexM3\ARM_GCC_493\Debug\UART_1_PM.o .\CortexM3\ARM_GCC_493\Debug\UART_1_INT.o .\CortexM3\ARM_GCC_493\Debug\UART_1_BOOT.o .\CortexM3\ARM_GCC_493\Debug\Battery_pin.o .\CortexM3\ARM_GCC_493\Debug\ADC_Battery.o .\CortexM3\ARM_GCC_493\Debug\ADC_Battery_INT.o .\CortexM3\ARM_GCC_493\Debug\ADC_Battery_PM.o .\CortexM3\ARM_GCC_493\Debug\BatteryLed.o .\CortexM3\ARM_GCC_493\Debug\IR_receiver.o .\CortexM3\ARM_GCC_493\Debug\Trig.o .\CortexM3\ARM_GCC_493\Debug\timer_clock_4.o .\CortexM3\ARM_GCC_493\Debug\Timer.o .\CortexM3\ARM_GCC_493\Debug\Timer_PM.o .\CortexM3\ARM_GCC_493\Debug\Echo.o .\CortexM3\ARM_GCC_493\Debug\ultra_isr.o .\CortexM3\ARM_GCC_493\Debug\UART_1_IntClock.o .\CortexM3\ARM_GCC_493\Debug\ADC_Battery_IRQ.o .\CortexM3\ARM_GCC_493\Debug\ADC_Battery_theACLK.o .\CortexM3\ARM_GCC_493\Debug\ADC_Battery_Bypass.o .\CortexM3\ARM_GCC_493\Debug\Buzzer.o .\CortexM3\ARM_GCC_493\Debug\Buzzer_PWM.o .\CortexM3\ARM_GCC_493\Debug\Buzzer_PWM_PM.o .\CortexM3\ARM_GCC_493\Debug\Clock_2.o .\CortexM3\ARM_GCC_493\Debug\timer_clock_5.o .\CortexM3\ARM_GCC_493\Debug\L3.o .\CortexM3\ARM_GCC_493\Debug\Timer_L3.o .\CortexM3\ARM_GCC_493\Debug\Timer_L3_PM.o .\CortexM3\ARM_GCC_493\Debug\Timer_R3.o .\CortexM3\ARM_GCC_493\Debug\Timer_R3_PM.o .\CortexM3\ARM_GCC_493\Debug\Timer_R1.o .\CortexM3\ARM_GCC_493\Debug\Timer_R1_PM.o .\CortexM3\ARM_GCC_493\Debug\R1.o .\CortexM3\ARM_GCC_493\Debug\R3.o .\CortexM3\ARM_GCC_493\Debug\Timer_L1.o .\CortexM3\ARM_GCC_493\Debug\Timer_L1_PM.o .\CortexM3\ARM_GCC_493\Debug\L1.o .\CortexM3\ARM_GCC_493\Debug\SW1.o .\CortexM3\ARM_GCC_493\Debug\CyBootAsmGnu.o
arm-none-eabi-ar.exe: creating .\CortexM3\ARM_GCC_493\Debug\ZumoBot.a
arm-none-eabi-gcc.exe -Wl,--start-group -o .\CortexM3\ARM_GCC_493\Debug\ZumoBot.elf .\CortexM3\ARM_GCC_493\Debug\main.o .\CortexM3\ARM_GCC_493\Debug\Accel.o .\CortexM3\ARM_GCC_493\Debug\Ambient.o .\CortexM3\ARM_GCC_493\Debug\Gyro.o .\CortexM3\ARM_GCC_493\Debug\I2C_made.o .\CortexM3\ARM_GCC_493\Debug\IR.o .\CortexM3\ARM_GCC_493\Debug\Magnet.o .\CortexM3\ARM_GCC_493\Debug\Motor.o .\CortexM3\ARM_GCC_493\Debug\Nunchuk.o .\CortexM3\ARM_GCC_493\Debug\Reflectance.o .\CortexM3\ARM_GCC_493\Debug\Ultra.o .\CortexM3\ARM_GCC_493\Debug\Beep.o .\CortexM3\ARM_GCC_493\Debug\music.o .\CortexM3\ARM_GCC_493\Debug\cymetadata.o .\CortexM3\ARM_GCC_493\Debug\Cm3Start.o .\CortexM3\ARM_GCC_493\Debug\ZumoBot.a "C:\Program Files (x86)\Cypress\PSoC Creator\4.0\PSoC Creator\psoc\content\cycomponentlibrary\CyComponentLibrary.cylib\CortexM3\ARM_GCC_493\Debug\CyComponentLibrary.a" -mcpu=cortex-m3 -mthumb -g -ffunction-sections -Og -ffat-lto-objects -l m -L Generated_Source\PSoC5 -Wl,-Map,.\CortexM3\ARM_GCC_493\Debug/ZumoBot.map -T "F:\OneDrive\Metropolia\Devices\Workspaces\Workspace 1\Zumo4\Zumo01\ZumoBot.cydsn\Generated_Source\PSoC5\cm3gcc.ld" -u _printf_float -Wl,--gc-sections -Wl,--end-group
.\CortexM3\ARM_GCC_493\Debug\Cm3Start.o: In function `Start_c':
F:\OneDrive\Metropolia\Devices\Workspaces\Workspace 1\Zumo4\Zumo01\ZumoBot.cydsn/Generated_Source\PSoC5/Cm3Start.c:360: undefined reference to `main'
collect2.exe: error: ld returned 1 exit status
The command 'arm-none-eabi-gcc.exe' failed with exit code '1'.
--------------- Rebuild Failed: 11/07/2017 19:07:28 ---------------
